mode: set
github.com/cloudhelper/probe_node/disk_other.go:5.54,7.2 1 0
github.com/cloudhelper/probe_node/link_chain_runtime.go:263.140,266.18 3 0
github.com/cloudhelper/probe_node/link_chain_runtime.go:266.18,268.3 1 0
github.com/cloudhelper/probe_node/link_chain_runtime.go:269.2,279.16 2 0
github.com/cloudhelper/probe_node/link_chain_runtime.go:280.15,282.17 2 0
github.com/cloudhelper/probe_node/link_chain_runtime.go:282.17,286.4 3 0
github.com/cloudhelper/probe_node/link_chain_runtime.go:287.3,290.17 4 0
github.com/cloudhelper/probe_node/link_chain_runtime.go:290.17,294.4 3 0
github.com/cloudhelper/probe_node/link_chain_runtime.go:295.3,297.183 3 0
github.com/cloudhelper/probe_node/link_chain_runtime.go:298.16,302.14 4 0
github.com/cloudhelper/probe_node/link_chain_runtime.go:302.14,304.4 1 0
github.com/cloudhelper/probe_node/link_chain_runtime.go:304.9,306.4 1 0
github.com/cloudhelper/probe_node/link_chain_runtime.go:307.10,308.38 1 0
github.com/cloudhelper/probe_node/link_chain_runtime.go:311.2,311.67 1 0
github.com/cloudhelper/probe_node/link_chain_runtime.go:314.143,315.90 1 0
github.com/cloudhelper/probe_node/link_chain_runtime.go:315.90,317.3 1 0
github.com/cloudhelper/probe_node/link_chain_runtime.go:320.51,321.49 1 0
github.com/cloudhelper/probe_node/link_chain_runtime.go:322.15,323.17 1 0
github.com/cloudhelper/probe_node/link_chain_runtime.go:324.34,325.18 1 0
github.com/cloudhelper/probe_node/link_chain_runtime.go:326.10,327.12 1 0
github.com/cloudhelper/probe_node/link_chain_runtime.go:331.49,332.49 1 0
github.com/cloudhelper/probe_node/link_chain_runtime.go:333.15,334.17 1 0
github.com/cloudhelper/probe_node/link_chain_runtime.go:335.15,336.17 1 0
github.com/cloudhelper/probe_node/link_chain_runtime.go:337.14,338.16 1 0
github.com/cloudhelper/probe_node/link_chain_runtime.go:339.20,340.22 1 0
github.com/cloudhelper/probe_node/link_chain_runtime.go:341.10,342.12 1 0
github.com/cloudhelper/probe_node/link_chain_runtime.go:346.53,347.49 1 0
github.com/cloudhelper/probe_node/link_chain_runtime.go:348.24,349.18 1 0
github.com/cloudhelper/probe_node/link_chain_runtime.go:350.15,351.17 1 0
github.com/cloudhelper/probe_node/link_chain_runtime.go:352.10,353.16 1 0
github.com/cloudhelper/probe_node/link_chain_runtime.go:357.54,358.49 1 1
github.com/cloudhelper/probe_node/link_chain_runtime.go:359.14,360.16 1 1
github.com/cloudhelper/probe_node/link_chain_runtime.go:361.21,362.17 1 1
github.com/cloudhelper/probe_node/link_chain_runtime.go:363.21,364.17 1 1
github.com/cloudhelper/probe_node/link_chain_runtime.go:365.10,366.16 1 0
github.com/cloudhelper/probe_node/link_chain_runtime.go:370.53,371.49 1 1
github.com/cloudhelper/probe_node/link_chain_runtime.go:372.40,373.35 1 1
github.com/cloudhelper/probe_node/link_chain_runtime.go:374.30,375.32 1 0
github.com/cloudhelper/probe_node/link_chain_runtime.go:376.10,377.35 1 1
github.com/cloudhelper/probe_node/link_chain_runtime.go:381.63,382.49 1 0
github.com/cloudhelper/probe_node/link_chain_runtime.go:383.39,384.41 1 0
github.com/cloudhelper/probe_node/link_chain_runtime.go:385.62,386.42 1 0
github.com/cloudhelper/probe_node/link_chain_runtime.go:387.10,388.41 1 0
github.com/cloudhelper/probe_node/link_chain_runtime.go:392.67,394.19 2 0
github.com/cloudhelper/probe_node/link_chain_runtime.go:394.19,396.3 1 0
github.com/cloudhelper/probe_node/link_chain_runtime.go:397.2,397.34 1 0
github.com/cloudhelper/probe_node/link_chain_runtime.go:398.39,399.47 1 0
github.com/cloudhelper/probe_node/link_chain_runtime.go:400.39,401.47 1 0
github.com/cloudhelper/probe_node/link_chain_runtime.go:402.62,403.48 1 0
github.com/cloudhelper/probe_node/link_chain_runtime.go:404.10,405.19 1 0
github.com/cloudhelper/probe_node/link_chain_runtime.go:409.65,410.49 1 0
github.com/cloudhelper/probe_node/link_chain_runtime.go:411.61,412.45 1 0
github.com/cloudhelper/probe_node/link_chain_runtime.go:413.10,414.46 1 0
github.com/cloudhelper/probe_node/link_chain_runtime.go:418.69,420.19 2 0
github.com/cloudhelper/probe_node/link_chain_runtime.go:420.19,422.3 1 0
github.com/cloudhelper/probe_node/link_chain_runtime.go:423.2,423.34 1 0
github.com/cloudhelper/probe_node/link_chain_runtime.go:424.64,425.52 1 0
github.com/cloudhelper/probe_node/link_chain_runtime.go:426.61,427.51 1 0
github.com/cloudhelper/probe_node/link_chain_runtime.go:428.10,429.19 1 0
github.com/cloudhelper/probe_node/link_chain_runtime.go:433.58,435.17 2 0
github.com/cloudhelper/probe_node/link_chain_runtime.go:435.17,437.3 1 0
github.com/cloudhelper/probe_node/link_chain_runtime.go:438.2,438.21 1 0
github.com/cloudhelper/probe_node/link_chain_runtime.go:438.21,440.3 1 0
github.com/cloudhelper/probe_node/link_chain_runtime.go:441.2,441.14 1 0
github.com/cloudhelper/probe_node/link_chain_runtime.go:444.117,445.22 1 0
github.com/cloudhelper/probe_node/link_chain_runtime.go:445.22,447.3 1 0
github.com/cloudhelper/probe_node/link_chain_runtime.go:448.2,450.30 3 0
github.com/cloudhelper/probe_node/link_chain_runtime.go:450.30,452.22 2 0
github.com/cloudhelper/probe_node/link_chain_runtime.go:452.22,454.4 1 0
github.com/cloudhelper/probe_node/link_chain_runtime.go:455.3,456.22 2 0
github.com/cloudhelper/probe_node/link_chain_runtime.go:456.22,458.4 1 0
github.com/cloudhelper/probe_node/link_chain_runtime.go:459.3,460.23 2 0
github.com/cloudhelper/probe_node/link_chain_runtime.go:460.23,462.4 1 0
github.com/cloudhelper/probe_node/link_chain_runtime.go:463.3,464.10 2 0
github.com/cloudhelper/probe_node/link_chain_runtime.go:464.10,466.4 1 0
github.com/cloudhelper/probe_node/link_chain_runtime.go:467.3,467.39 1 0
github.com/cloudhelper/probe_node/link_chain_runtime.go:467.39,469.4 1 0
github.com/cloudhelper/probe_node/link_chain_runtime.go:470.3,471.10 2 0
github.com/cloudhelper/probe_node/link_chain_runtime.go:471.10,473.4 1 0
github.com/cloudhelper/probe_node/link_chain_runtime.go:474.3,474.41 1 0
github.com/cloudhelper/probe_node/link_chain_runtime.go:474.41,476.4 1 0
github.com/cloudhelper/probe_node/link_chain_runtime.go:477.3,478.36 2 0
github.com/cloudhelper/probe_node/link_chain_runtime.go:478.36,479.12 1 0
github.com/cloudhelper/probe_node/link_chain_runtime.go:481.3,483.23 3 0
github.com/cloudhelper/probe_node/link_chain_runtime.go:483.23,485.4 1 0
github.com/cloudhelper/probe_node/link_chain_runtime.go:486.3,496.5 1 0
github.com/cloudhelper/probe_node/link_chain_runtime.go:498.2,498.17 1 0
github.com/cloudhelper/probe_node/link_chain_runtime.go:501.122,502.22 1 0
github.com/cloudhelper/probe_node/link_chain_runtime.go:502.22,504.3 1 0
github.com/cloudhelper/probe_node/link_chain_runtime.go:505.2,506.30 2 0
github.com/cloudhelper/probe_node/link_chain_runtime.go:506.30,518.3 1 0
github.com/cloudhelper/probe_node/link_chain_runtime.go:519.2,519.12 1 0
github.com/cloudhelper/probe_node/link_chain_runtime.go:522.104,524.19 2 0
github.com/cloudhelper/probe_node/link_chain_runtime.go:524.19,526.3 1 0
github.com/cloudhelper/probe_node/link_chain_runtime.go:527.2,528.16 2 0
github.com/cloudhelper/probe_node/link_chain_runtime.go:528.16,530.3 1 0
github.com/cloudhelper/probe_node/link_chain_runtime.go:531.2,533.21 3 0
github.com/cloudhelper/probe_node/link_chain_runtime.go:533.21,535.3 1 0
github.com/cloudhelper/probe_node/link_chain_runtime.go:536.2,536.21 1 0
github.com/cloudhelper/probe_node/link_chain_runtime.go:536.21,538.3 1 0
github.com/cloudhelper/probe_node/link_chain_runtime.go:539.2,552.23 14 0
github.com/cloudhelper/probe_node/link_chain_runtime.go:552.23,554.3 1 0
github.com/cloudhelper/probe_node/link_chain_runtime.go:555.2,555.29 1 0
github.com/cloudhelper/probe_node/link_chain_runtime.go:555.29,556.38 1 0
github.com/cloudhelper/probe_node/link_chain_runtime.go:556.38,558.4 1 0
github.com/cloudhelper/probe_node/link_chain_runtime.go:559.3,559.45 1 0
github.com/cloudhelper/probe_node/link_chain_runtime.go:559.45,561.4 1 0
github.com/cloudhelper/probe_node/link_chain_runtime.go:562.8,564.3 1 0
github.com/cloudhelper/probe_node/link_chain_runtime.go:565.2,565.37 1 0
github.com/cloudhelper/probe_node/link_chain_runtime.go:565.37,567.3 1 0
github.com/cloudhelper/probe_node/link_chain_runtime.go:568.2,568.47 1 0
github.com/cloudhelper/probe_node/link_chain_runtime.go:568.47,569.38 1 0
github.com/cloudhelper/probe_node/link_chain_runtime.go:569.38,571.4 1 0
github.com/cloudhelper/probe_node/link_chain_runtime.go:574.2,598.21 2 0
github.com/cloudhelper/probe_node/link_chain_runtime.go:598.21,600.17 2 0
github.com/cloudhelper/probe_node/link_chain_runtime.go:600.17,602.4 1 0
github.com/cloudhelper/probe_node/link_chain_runtime.go:603.3,603.26 1 0
github.com/cloudhelper/probe_node/link_chain_runtime.go:604.8,604.44 1 0
github.com/cloudhelper/probe_node/link_chain_runtime.go:604.44,606.3 1 0
github.com/cloudhelper/probe_node/link_chain_runtime.go:608.2,608.69 1 0
github.com/cloudhelper/probe_node/link_chain_runtime.go:608.69,610.3 1 0
github.com/cloudhelper/probe_node/link_chain_runtime.go:612.2,612.17 1 0
github.com/cloudhelper/probe_node/link_chain_runtime.go:615.74,617.19 2 0
github.com/cloudhelper/probe_node/link_chain_runtime.go:617.19,619.3 1 0
github.com/cloudhelper/probe_node/link_chain_runtime.go:621.2,621.59 1 0
github.com/cloudhelper/probe_node/link_chain_runtime.go:621.59,623.17 2 0
github.com/cloudhelper/probe_node/link_chain_runtime.go:623.17,625.4 1 0
github.com/cloudhelper/probe_node/link_chain_runtime.go:626.3,627.10 2 0
github.com/cloudhelper/probe_node/link_chain_runtime.go:627.10,629.4 1 0
github.com/cloudhelper/probe_node/link_chain_runtime.go:630.3,630.18 1 0
github.com/cloudhelper/probe_node/link_chain_runtime.go:633.2,633.75 1 0
github.com/cloudhelper/probe_node/link_chain_runtime.go:633.75,634.45 1 0
github.com/cloudhelper/probe_node/link_chain_runtime.go:634.45,636.4 1 0
github.com/cloudhelper/probe_node/link_chain_runtime.go:638.3,638.77 1 0
github.com/cloudhelper/probe_node/link_chain_runtime.go:638.77,639.49 1 0
github.com/cloudhelper/probe_node/link_chain_runtime.go:639.49,641.5 1 0
github.com/cloudhelper/probe_node/link_chain_runtime.go:644.2,644.60 1 0
github.com/cloudhelper/probe_node/link_chain_runtime.go:644.60,645.45 1 0
github.com/cloudhelper/probe_node/link_chain_runtime.go:645.45,647.4 1 0
github.com/cloudhelper/probe_node/link_chain_runtime.go:650.2,650.57 1 0
github.com/cloudhelper/probe_node/link_chain_runtime.go:653.86,663.61 3 0
github.com/cloudhelper/probe_node/link_chain_runtime.go:663.61,667.3 3 0
github.com/cloudhelper/probe_node/link_chain_runtime.go:669.2,676.33 7 0
github.com/cloudhelper/probe_node/link_chain_runtime.go:676.33,678.3 1 0
github.com/cloudhelper/probe_node/link_chain_runtime.go:679.2,690.16 2 0
github.com/cloudhelper/probe_node/link_chain_runtime.go:704.63,705.20 1 0
github.com/cloudhelper/probe_node/link_chain_runtime.go:705.20,707.3 1 0
github.com/cloudhelper/probe_node/link_chain_runtime.go:708.2,709.33 2 0
github.com/cloudhelper/probe_node/link_chain_runtime.go:709.33,710.56 1 0
github.com/cloudhelper/probe_node/link_chain_runtime.go:711.34,721.51 2 0
github.com/cloudhelper/probe_node/link_chain_runtime.go:722.34,723.131 1 0
github.com/cloudhelper/probe_node/link_chain_runtime.go:727.2,727.80 1 0
github.com/cloudhelper/probe_node/link_chain_runtime.go:727.80,738.43 2 0
github.com/cloudhelper/probe_node/link_chain_runtime.go:738.43,740.4 1 0
github.com/cloudhelper/probe_node/link_chain_runtime.go:744.79,745.60 1 0
github.com/cloudhelper/probe_node/link_chain_runtime.go:746.43,747.40 1 0
github.com/cloudhelper/probe_node/link_chain_runtime.go:748.29,749.15 1 0
github.com/cloudhelper/probe_node/link_chain_runtime.go:750.11,751.16 1 0
github.com/cloudhelper/probe_node/link_chain_runtime.go:753.10,754.40 1 0
github.com/cloudhelper/probe_node/link_chain_runtime.go:755.30,756.15 1 0
github.com/cloudhelper/probe_node/link_chain_runtime.go:757.11,758.16 1 0
github.com/cloudhelper/probe_node/link_chain_runtime.go:763.66,764.28 1 0
github.com/cloudhelper/probe_node/link_chain_runtime.go:764.28,766.3 1 0
github.com/cloudhelper/probe_node/link_chain_runtime.go:767.2,769.23 3 0
github.com/cloudhelper/probe_node/link_chain_runtime.go:772.68,773.28 1 0
github.com/cloudhelper/probe_node/link_chain_runtime.go:773.28,775.3 1 0
github.com/cloudhelper/probe_node/link_chain_runtime.go:776.2,778.23 3 0
github.com/cloudhelper/probe_node/link_chain_runtime.go:781.68,782.20 1 0
github.com/cloudhelper/probe_node/link_chain_runtime.go:782.20,784.3 1 0
github.com/cloudhelper/probe_node/link_chain_runtime.go:785.2,789.48 5 0
github.com/cloudhelper/probe_node/link_chain_runtime.go:789.48,791.19 2 0
github.com/cloudhelper/probe_node/link_chain_runtime.go:791.19,793.12 2 0
github.com/cloudhelper/probe_node/link_chain_runtime.go:795.3,796.77 2 0
github.com/cloudhelper/probe_node/link_chain_runtime.go:796.77,798.12 2 0
github.com/cloudhelper/probe_node/link_chain_runtime.go:800.3,802.23 3 0
github.com/cloudhelper/probe_node/link_chain_runtime.go:802.23,804.4 1 0
github.com/cloudhelper/probe_node/link_chain_runtime.go:805.3,805.26 1 0
github.com/cloudhelper/probe_node/link_chain_runtime.go:805.26,807.12 2 0
github.com/cloudhelper/probe_node/link_chain_runtime.go:809.3,811.96 3 0
github.com/cloudhelper/probe_node/link_chain_runtime.go:811.96,814.4 2 0
github.com/cloudhelper/probe_node/link_chain_runtime.go:815.3,815.96 1 0
github.com/cloudhelper/probe_node/link_chain_runtime.go:815.96,818.4 2 0
github.com/cloudhelper/probe_node/link_chain_runtime.go:819.3,819.142 1 0
github.com/cloudhelper/probe_node/link_chain_runtime.go:819.142,821.4 1 0
github.com/cloudhelper/probe_node/link_chain_runtime.go:823.2,823.188 1 0
github.com/cloudhelper/probe_node/link_chain_runtime.go:826.121,827.20 1 0
github.com/cloudhelper/probe_node/link_chain_runtime.go:827.20,829.3 1 0
github.com/cloudhelper/probe_node/link_chain_runtime.go:830.2,830.6 1 0
github.com/cloudhelper/probe_node/link_chain_runtime.go:830.6,831.10 1 0
github.com/cloudhelper/probe_node/link_chain_runtime.go:832.25,833.10 1 0
github.com/cloudhelper/probe_node/link_chain_runtime.go:834.11,834.11 0 0
github.com/cloudhelper/probe_node/link_chain_runtime.go:836.3,838.17 3 0
github.com/cloudhelper/probe_node/link_chain_runtime.go:838.17,840.11 2 0
github.com/cloudhelper/probe_node/link_chain_runtime.go:841.26,842.11 1 0
github.com/cloudhelper/probe_node/link_chain_runtime.go:843.64,843.64 0 0
github.com/cloudhelper/probe_node/link_chain_runtime.go:845.4,845.12 1 0
github.com/cloudhelper/probe_node/link_chain_runtime.go:847.3,850.10 4 0
github.com/cloudhelper/probe_node/link_chain_runtime.go:851.25,852.10 1 0
github.com/cloudhelper/probe_node/link_chain_runtime.go:853.11,855.11 2 0
github.com/cloudhelper/probe_node/link_chain_runtime.go:856.26,857.11 1 0
github.com/cloudhelper/probe_node/link_chain_runtime.go:858.64,858.64 0 0
github.com/cloudhelper/probe_node/link_chain_runtime.go:864.121,865.20 1 0
github.com/cloudhelper/probe_node/link_chain_runtime.go:865.20,867.3 1 0
github.com/cloudhelper/probe_node/link_chain_runtime.go:868.2,868.6 1 0
github.com/cloudhelper/probe_node/link_chain_runtime.go:868.6,869.10 1 0
github.com/cloudhelper/probe_node/link_chain_runtime.go:870.25,871.10 1 0
github.com/cloudhelper/probe_node/link_chain_runtime.go:872.11,872.11 0 0
github.com/cloudhelper/probe_node/link_chain_runtime.go:874.3,876.17 3 0
github.com/cloudhelper/probe_node/link_chain_runtime.go:876.17,878.11 2 0
github.com/cloudhelper/probe_node/link_chain_runtime.go:879.26,880.11 1 0
github.com/cloudhelper/probe_node/link_chain_runtime.go:881.64,881.64 0 0
github.com/cloudhelper/probe_node/link_chain_runtime.go:883.4,883.12 1 0
github.com/cloudhelper/probe_node/link_chain_runtime.go:885.3,888.10 4 0
github.com/cloudhelper/probe_node/link_chain_runtime.go:889.25,890.10 1 0
github.com/cloudhelper/probe_node/link_chain_runtime.go:891.11,893.11 2 0
github.com/cloudhelper/probe_node/link_chain_runtime.go:894.26,895.11 1 0
github.com/cloudhelper/probe_node/link_chain_runtime.go:896.64,896.64 0 0
github.com/cloudhelper/probe_node/link_chain_runtime.go:902.89,903.18 1 0
github.com/cloudhelper/probe_node/link_chain_runtime.go:903.18,905.3 1 0
github.com/cloudhelper/probe_node/link_chain_runtime.go:906.2,908.6 3 0
github.com/cloudhelper/probe_node/link_chain_runtime.go:908.6,910.17 2 0
github.com/cloudhelper/probe_node/link_chain_runtime.go:910.17,912.4 1 0
github.com/cloudhelper/probe_node/link_chain_runtime.go:913.3,913.74 1 0
github.com/cloudhelper/probe_node/link_chain_runtime.go:913.74,915.4 1 0
github.com/cloudhelper/probe_node/link_chain_runtime.go:916.3,917.54 2 0
github.com/cloudhelper/probe_node/link_chain_runtime.go:921.91,922.18 1 0
github.com/cloudhelper/probe_node/link_chain_runtime.go:922.18,924.3 1 0
github.com/cloudhelper/probe_node/link_chain_runtime.go:925.2,927.6 3 0
github.com/cloudhelper/probe_node/link_chain_runtime.go:927.6,929.17 2 0
github.com/cloudhelper/probe_node/link_chain_runtime.go:929.17,931.4 1 0
github.com/cloudhelper/probe_node/link_chain_runtime.go:932.3,932.74 1 0
github.com/cloudhelper/probe_node/link_chain_runtime.go:932.74,934.4 1 0
github.com/cloudhelper/probe_node/link_chain_runtime.go:935.3,936.54 2 0
github.com/cloudhelper/probe_node/link_chain_runtime.go:940.76,941.18 1 1
github.com/cloudhelper/probe_node/link_chain_runtime.go:941.18,943.3 1 1
github.com/cloudhelper/probe_node/link_chain_runtime.go:944.2,945.15 2 1
github.com/cloudhelper/probe_node/link_chain_runtime.go:945.15,947.3 1 0
github.com/cloudhelper/probe_node/link_chain_runtime.go:948.2,948.99 1 1
github.com/cloudhelper/probe_node/link_chain_runtime.go:948.99,950.3 1 1
github.com/cloudhelper/probe_node/link_chain_runtime.go:951.2,951.13 1 1
github.com/cloudhelper/probe_node/link_chain_runtime.go:954.54,955.16 1 0
github.com/cloudhelper/probe_node/link_chain_runtime.go:955.16,957.3 1 0
github.com/cloudhelper/probe_node/link_chain_runtime.go:958.2,959.29 2 0
github.com/cloudhelper/probe_node/link_chain_runtime.go:959.29,961.3 1 0
github.com/cloudhelper/probe_node/link_chain_runtime.go:962.2,963.35 2 0
github.com/cloudhelper/probe_node/link_chain_runtime.go:963.35,965.3 1 0
github.com/cloudhelper/probe_node/link_chain_runtime.go:966.2,966.15 1 0
github.com/cloudhelper/probe_node/link_chain_runtime.go:967.49,968.14 1 0
github.com/cloudhelper/probe_node/link_chain_runtime.go:969.10,970.15 1 0
github.com/cloudhelper/probe_node/link_chain_runtime.go:974.89,976.16 2 0
github.com/cloudhelper/probe_node/link_chain_runtime.go:976.16,978.3 1 0
github.com/cloudhelper/probe_node/link_chain_runtime.go:979.2,979.51 1 0
github.com/cloudhelper/probe_node/link_chain_runtime.go:979.51,981.3 1 0
github.com/cloudhelper/probe_node/link_chain_runtime.go:982.2,982.66 1 0
github.com/cloudhelper/probe_node/link_chain_runtime.go:985.96,987.28 2 0
github.com/cloudhelper/probe_node/link_chain_runtime.go:987.28,989.3 1 0
github.com/cloudhelper/probe_node/link_chain_runtime.go:990.2,990.57 1 0
github.com/cloudhelper/probe_node/link_chain_runtime.go:990.57,992.3 1 0
github.com/cloudhelper/probe_node/link_chain_runtime.go:993.2,994.58 2 0
github.com/cloudhelper/probe_node/link_chain_runtime.go:997.137,999.2 1 0
github.com/cloudhelper/probe_node/link_chain_runtime.go:1001.196,1002.20 1 0
github.com/cloudhelper/probe_node/link_chain_runtime.go:1002.20,1004.3 1 0
github.com/cloudhelper/probe_node/link_chain_runtime.go:1005.2,1006.28 2 0
github.com/cloudhelper/probe_node/link_chain_runtime.go:1006.28,1008.3 1 0
github.com/cloudhelper/probe_node/link_chain_runtime.go:1009.2,1011.26 3 0
github.com/cloudhelper/probe_node/link_chain_runtime.go:1011.26,1013.3 1 0
github.com/cloudhelper/probe_node/link_chain_runtime.go:1015.2,1020.64 2 0
github.com/cloudhelper/probe_node/link_chain_runtime.go:1020.64,1023.3 2 0
github.com/cloudhelper/probe_node/link_chain_runtime.go:1023.8,1023.48 1 0
github.com/cloudhelper/probe_node/link_chain_runtime.go:1023.48,1025.3 1 0
github.com/cloudhelper/probe_node/link_chain_runtime.go:1025.8,1028.3 2 0
github.com/cloudhelper/probe_node/link_chain_runtime.go:1029.2,1029.16 1 0
github.com/cloudhelper/probe_node/link_chain_runtime.go:1029.16,1031.3 1 0
github.com/cloudhelper/probe_node/link_chain_runtime.go:1032.2,1039.64 3 0
github.com/cloudhelper/probe_node/link_chain_runtime.go:1039.64,1042.3 2 0
github.com/cloudhelper/probe_node/link_chain_runtime.go:1043.2,1047.66 4 0
github.com/cloudhelper/probe_node/link_chain_runtime.go:1047.66,1050.3 2 0
github.com/cloudhelper/probe_node/link_chain_runtime.go:1051.2,1052.18 2 0
github.com/cloudhelper/probe_node/link_chain_runtime.go:1052.18,1055.20 3 0
github.com/cloudhelper/probe_node/link_chain_runtime.go:1055.20,1057.4 1 0
github.com/cloudhelper/probe_node/link_chain_runtime.go:1058.3,1058.34 1 0
github.com/cloudhelper/probe_node/link_chain_runtime.go:1060.2,1060.20 1 0
github.com/cloudhelper/probe_node/link_chain_runtime.go:1063.119,1064.39 1 0
github.com/cloudhelper/probe_node/link_chain_runtime.go:1064.39,1066.3 1 0
github.com/cloudhelper/probe_node/link_chain_runtime.go:1067.2,1068.16 2 0
github.com/cloudhelper/probe_node/link_chain_runtime.go:1068.16,1071.3 2 0
github.com/cloudhelper/probe_node/link_chain_runtime.go:1072.2,1072.6 1 0
github.com/cloudhelper/probe_node/link_chain_runtime.go:1072.6,1074.23 2 0
github.com/cloudhelper/probe_node/link_chain_runtime.go:1074.23,1075.43 1 0
github.com/cloudhelper/probe_node/link_chain_runtime.go:1075.43,1077.5 1 0
github.com/cloudhelper/probe_node/link_chain_runtime.go:1078.4,1078.11 1 0
github.com/cloudhelper/probe_node/link_chain_runtime.go:1079.26,1080.11 1 0
github.com/cloudhelper/probe_node/link_chain_runtime.go:1081.12,1081.12 0 0
github.com/cloudhelper/probe_node/link_chain_runtime.go:1083.4,1084.10 2 0
github.com/cloudhelper/probe_node/link_chain_runtime.go:1086.3,1086.31 1 0
github.com/cloudhelper/probe_node/link_chain_runtime.go:1086.31,1089.22 3 0
github.com/cloudhelper/probe_node/link_chain_runtime.go:1089.22,1092.5 2 0
github.com/cloudhelper/probe_node/link_chain_runtime.go:1093.4,1096.14 3 0
github.com/cloudhelper/probe_node/link_chain_runtime.go:1096.14,1100.5 3 0
github.com/cloudhelper/probe_node/link_chain_runtime.go:1101.4,1101.14 1 0
github.com/cloudhelper/probe_node/link_chain_runtime.go:1101.14,1105.5 3 0
github.com/cloudhelper/probe_node/link_chain_runtime.go:1106.4,1106.11 1 0
github.com/cloudhelper/probe_node/link_chain_runtime.go:1111.123,1112.41 1 0
github.com/cloudhelper/probe_node/link_chain_runtime.go:1112.41,1114.3 1 0
github.com/cloudhelper/probe_node/link_chain_runtime.go:1115.2,1116.16 2 0
github.com/cloudhelper/probe_node/link_chain_runtime.go:1116.16,1119.3 2 0
github.com/cloudhelper/probe_node/link_chain_runtime.go:1121.2,1133.63 6 0
github.com/cloudhelper/probe_node/link_chain_runtime.go:1133.63,1134.21 1 0
github.com/cloudhelper/probe_node/link_chain_runtime.go:1134.21,1136.4 1 0
github.com/cloudhelper/probe_node/link_chain_runtime.go:1137.3,1138.61 2 0
github.com/cloudhelper/probe_node/link_chain_runtime.go:1138.61,1140.4 1 0
github.com/cloudhelper/probe_node/link_chain_runtime.go:1141.3,1142.29 2 0
github.com/cloudhelper/probe_node/link_chain_runtime.go:1145.2,1145.15 1 0
github.com/cloudhelper/probe_node/link_chain_runtime.go:1145.15,1148.38 3 0
github.com/cloudhelper/probe_node/link_chain_runtime.go:1148.38,1151.4 2 0
github.com/cloudhelper/probe_node/link_chain_runtime.go:1152.3,1153.31 2 0
github.com/cloudhelper/probe_node/link_chain_runtime.go:1153.31,1154.22 1 0
github.com/cloudhelper/probe_node/link_chain_runtime.go:1154.22,1156.5 1 0
github.com/cloudhelper/probe_node/link_chain_runtime.go:1160.2,1160.12 1 0
github.com/cloudhelper/probe_node/link_chain_runtime.go:1160.12,1163.7 3 0
github.com/cloudhelper/probe_node/link_chain_runtime.go:1163.7,1164.11 1 0
github.com/cloudhelper/probe_node/link_chain_runtime.go:1165.16,1166.11 1 0
github.com/cloudhelper/probe_node/link_chain_runtime.go:1167.26,1168.11 1 0
github.com/cloudhelper/probe_node/link_chain_runtime.go:1169.20,1173.40 4 0
github.com/cloudhelper/probe_node/link_chain_runtime.go:1173.40,1174.24 1 0
github.com/cloudhelper/probe_node/link_chain_runtime.go:1174.24,1176.15 2 0
github.com/cloudhelper/probe_node/link_chain_runtime.go:1178.6,1178.74 1 0
github.com/cloudhelper/probe_node/link_chain_runtime.go:1178.74,1181.7 2 0
github.com/cloudhelper/probe_node/link_chain_runtime.go:1183.5,1184.35 2 0
github.com/cloudhelper/probe_node/link_chain_runtime.go:1184.35,1186.6 1 0
github.com/cloudhelper/probe_node/link_chain_runtime.go:1191.2,1191.77 1 0
github.com/cloudhelper/probe_node/link_chain_runtime.go:1191.77,1205.21 3 0
github.com/cloudhelper/probe_node/link_chain_runtime.go:1205.21,1207.4 1 0
github.com/cloudhelper/probe_node/link_chain_runtime.go:1208.3,1214.58 2 0
github.com/cloudhelper/probe_node/link_chain_runtime.go:1214.58,1215.8 1 0
github.com/cloudhelper/probe_node/link_chain_runtime.go:1215.8,1217.23 2 0
github.com/cloudhelper/probe_node/link_chain_runtime.go:1217.23,1220.6 2 0
github.com/cloudhelper/probe_node/link_chain_runtime.go:1221.5,1221.26 1 0
github.com/cloudhelper/probe_node/link_chain_runtime.go:1221.26,1222.14 1 0
github.com/cloudhelper/probe_node/link_chain_runtime.go:1224.5,1224.88 1 0
github.com/cloudhelper/probe_node/link_chain_runtime.go:1224.88,1227.6 2 0
github.com/cloudhelper/probe_node/link_chain_runtime.go:1228.5,1229.68 2 0
github.com/cloudhelper/probe_node/link_chain_runtime.go:1229.68,1231.6 1 0
github.com/cloudhelper/probe_node/link_chain_runtime.go:1232.5,1232.24 1 0
github.com/cloudhelper/probe_node/link_chain_runtime.go:1235.3,1235.22 1 0
github.com/cloudhelper/probe_node/link_chain_runtime.go:1238.2,1239.6 2 0
github.com/cloudhelper/probe_node/link_chain_runtime.go:1239.6,1241.21 2 0
github.com/cloudhelper/probe_node/link_chain_runtime.go:1241.21,1242.41 1 0
github.com/cloudhelper/probe_node/link_chain_runtime.go:1242.41,1244.5 1 0
github.com/cloudhelper/probe_node/link_chain_runtime.go:1245.4,1245.11 1 0
github.com/cloudhelper/probe_node/link_chain_runtime.go:1246.26,1247.11 1 0
github.com/cloudhelper/probe_node/link_chain_runtime.go:1248.12,1248.12 0 0
github.com/cloudhelper/probe_node/link_chain_runtime.go:1250.4,1251.10 2 0
github.com/cloudhelper/probe_node/link_chain_runtime.go:1253.3,1253.28 1 0
github.com/cloudhelper/probe_node/link_chain_runtime.go:1253.28,1254.12 1 0
github.com/cloudhelper/probe_node/link_chain_runtime.go:1256.3,1257.16 2 0
github.com/cloudhelper/probe_node/link_chain_runtime.go:1257.16,1258.12 1 0
github.com/cloudhelper/probe_node/link_chain_runtime.go:1260.3,1264.21 4 0
github.com/cloudhelper/probe_node/link_chain_runtime.go:1264.21,1266.22 2 0
github.com/cloudhelper/probe_node/link_chain_runtime.go:1266.22,1269.13 3 0
github.com/cloudhelper/probe_node/link_chain_runtime.go:1271.4,1272.21 2 0
github.com/cloudhelper/probe_node/link_chain_runtime.go:1274.3,1278.80 4 0
github.com/cloudhelper/probe_node/link_chain_runtime.go:1278.80,1281.4 2 0
github.com/cloudhelper/probe_node/link_chain_runtime.go:1285.97,1286.20 1 0
github.com/cloudhelper/probe_node/link_chain_runtime.go:1286.20,1288.3 1 0
github.com/cloudhelper/probe_node/link_chain_runtime.go:1289.2,1290.18 2 0
github.com/cloudhelper/probe_node/link_chain_runtime.go:1290.18,1292.3 1 0
github.com/cloudhelper/probe_node/link_chain_runtime.go:1294.2,1294.6 1 0
github.com/cloudhelper/probe_node/link_chain_runtime.go:1294.6,1295.10 1 0
github.com/cloudhelper/probe_node/link_chain_runtime.go:1296.25,1297.10 1 0
github.com/cloudhelper/probe_node/link_chain_runtime.go:1298.11,1298.11 0 0
github.com/cloudhelper/probe_node/link_chain_runtime.go:1301.3,1302.17 2 0
github.com/cloudhelper/probe_node/link_chain_runtime.go:1302.17,1306.12 4 0
github.com/cloudhelper/probe_node/link_chain_runtime.go:1309.3,1310.17 2 0
github.com/cloudhelper/probe_node/link_chain_runtime.go:1310.17,1315.12 5 0
github.com/cloudhelper/probe_node/link_chain_runtime.go:1317.3,1321.30 4 0
github.com/cloudhelper/probe_node/link_chain_runtime.go:1321.30,1323.4 1 0
github.com/cloudhelper/probe_node/link_chain_runtime.go:1324.3,1324.28 1 0
github.com/cloudhelper/probe_node/link_chain_runtime.go:1324.28,1326.4 1 0
github.com/cloudhelper/probe_node/link_chain_runtime.go:1327.3,1327.79 1 0
github.com/cloudhelper/probe_node/link_chain_runtime.go:1327.79,1329.31 2 0
github.com/cloudhelper/probe_node/link_chain_runtime.go:1329.31,1331.5 1 0
github.com/cloudhelper/probe_node/link_chain_runtime.go:1332.4,1332.115 1 0
github.com/cloudhelper/probe_node/link_chain_runtime.go:1335.3,1337.30 3 0
github.com/cloudhelper/probe_node/link_chain_runtime.go:1337.30,1339.4 1 0
github.com/cloudhelper/probe_node/link_chain_runtime.go:1340.3,1340.28 1 0
github.com/cloudhelper/probe_node/link_chain_runtime.go:1340.28,1342.4 1 0
github.com/cloudhelper/probe_node/link_chain_runtime.go:1343.3,1346.49 4 0
github.com/cloudhelper/probe_node/link_chain_runtime.go:1350.80,1351.16 1 0
github.com/cloudhelper/probe_node/link_chain_runtime.go:1351.16,1353.3 1 0
github.com/cloudhelper/probe_node/link_chain_runtime.go:1354.2,1356.9 3 0
github.com/cloudhelper/probe_node/link_chain_runtime.go:1357.16,1357.16 0 0
github.com/cloudhelper/probe_node/link_chain_runtime.go:1358.17,1358.17 0 0
github.com/cloudhelper/probe_node/link_chain_runtime.go:1362.71,1363.18 1 0
github.com/cloudhelper/probe_node/link_chain_runtime.go:1363.18,1365.3 1 0
github.com/cloudhelper/probe_node/link_chain_runtime.go:1366.2,1367.37 2 0
github.com/cloudhelper/probe_node/link_chain_runtime.go:1367.37,1369.3 1 0
github.com/cloudhelper/probe_node/link_chain_runtime.go:1370.2,1370.13 1 0
github.com/cloudhelper/probe_node/link_chain_runtime.go:1373.82,1374.20 1 0
github.com/cloudhelper/probe_node/link_chain_runtime.go:1374.20,1376.3 1 0
github.com/cloudhelper/probe_node/link_chain_runtime.go:1377.2,1379.6 3 0
github.com/cloudhelper/probe_node/link_chain_runtime.go:1379.6,1380.25 1 0
github.com/cloudhelper/probe_node/link_chain_runtime.go:1380.25,1382.4 1 0
github.com/cloudhelper/probe_node/link_chain_runtime.go:1383.3,1383.10 1 0
github.com/cloudhelper/probe_node/link_chain_runtime.go:1384.17,1386.10 2 0
github.com/cloudhelper/probe_node/link_chain_runtime.go:1387.19,1387.19 0 0
github.com/cloudhelper/probe_node/link_chain_runtime.go:1392.141,1393.38 1 0
github.com/cloudhelper/probe_node/link_chain_runtime.go:1393.38,1395.3 1 0
github.com/cloudhelper/probe_node/link_chain_runtime.go:1396.2,1397.6 2 0
github.com/cloudhelper/probe_node/link_chain_runtime.go:1397.6,1399.23 2 0
github.com/cloudhelper/probe_node/link_chain_runtime.go:1399.23,1400.97 1 0
github.com/cloudhelper/probe_node/link_chain_runtime.go:1400.97,1402.5 1 0
github.com/cloudhelper/probe_node/link_chain_runtime.go:1403.4,1404.10 2 0
github.com/cloudhelper/probe_node/link_chain_runtime.go:1406.3,1406.70 1 0
github.com/cloudhelper/probe_node/link_chain_runtime.go:1406.70,1408.4 1 0
github.com/cloudhelper/probe_node/link_chain_runtime.go:1408.9,1410.4 1 0
github.com/cloudhelper/probe_node/link_chain_runtime.go:1414.73,1415.20 1 0
github.com/cloudhelper/probe_node/link_chain_runtime.go:1415.20,1417.3 1 0
github.com/cloudhelper/probe_node/link_chain_runtime.go:1419.2,1425.16 6 0
github.com/cloudhelper/probe_node/link_chain_runtime.go:1425.16,1427.3 1 0
github.com/cloudhelper/probe_node/link_chain_runtime.go:1429.2,1429.15 1 0
github.com/cloudhelper/probe_node/link_chain_runtime.go:1430.15,1440.86 3 0
github.com/cloudhelper/probe_node/link_chain_runtime.go:1440.86,1441.77 1 0
github.com/cloudhelper/probe_node/link_chain_runtime.go:1441.77,1442.12 1 0
github.com/cloudhelper/probe_node/link_chain_runtime.go:1443.22,1444.12 1 0
github.com/cloudhelper/probe_node/link_chain_runtime.go:1445.13,1445.13 0 0
github.com/cloudhelper/probe_node/link_chain_runtime.go:1447.5,1447.135 1 0
github.com/cloudhelper/probe_node/link_chain_runtime.go:1450.10,1456.22 2 0
github.com/cloudhelper/probe_node/link_chain_runtime.go:1456.22,1458.4 1 0
github.com/cloudhelper/probe_node/link_chain_runtime.go:1459.3,1460.102 2 0
github.com/cloudhelper/probe_node/link_chain_runtime.go:1460.102,1462.59 2 0
github.com/cloudhelper/probe_node/link_chain_runtime.go:1462.59,1463.12 1 0
github.com/cloudhelper/probe_node/link_chain_runtime.go:1464.22,1465.12 1 0
github.com/cloudhelper/probe_node/link_chain_runtime.go:1466.13,1466.13 0 0
github.com/cloudhelper/probe_node/link_chain_runtime.go:1468.5,1468.142 1 0
github.com/cloudhelper/probe_node/link_chain_runtime.go:1473.2,1473.12 1 0
github.com/cloudhelper/probe_node/link_chain_runtime.go:1476.82,1478.86 2 0
github.com/cloudhelper/probe_node/link_chain_runtime.go:1478.86,1480.3 1 0
github.com/cloudhelper/probe_node/link_chain_runtime.go:1481.2,1481.12 1 0
github.com/cloudhelper/probe_node/link_chain_runtime.go:1484.105,1485.20 1 0
github.com/cloudhelper/probe_node/link_chain_runtime.go:1485.20,1488.3 2 0
github.com/cloudhelper/probe_node/link_chain_runtime.go:1489.2,1489.33 1 0
github.com/cloudhelper/probe_node/link_chain_runtime.go:1489.33,1492.3 2 0
github.com/cloudhelper/probe_node/link_chain_runtime.go:1494.2,1495.19 2 0
github.com/cloudhelper/probe_node/link_chain_runtime.go:1495.19,1498.3 2 0
github.com/cloudhelper/probe_node/link_chain_runtime.go:1499.2,1499.55 1 0
github.com/cloudhelper/probe_node/link_chain_runtime.go:1499.55,1502.3 2 0
github.com/cloudhelper/probe_node/link_chain_runtime.go:1503.2,1503.78 1 0
github.com/cloudhelper/probe_node/link_chain_runtime.go:1503.78,1506.3 2 0
github.com/cloudhelper/probe_node/link_chain_runtime.go:1507.2,1508.60 2 0
github.com/cloudhelper/probe_node/link_chain_runtime.go:1511.55,1512.49 1 0
github.com/cloudhelper/probe_node/link_chain_runtime.go:1513.34,1514.36 1 0
github.com/cloudhelper/probe_node/link_chain_runtime.go:1515.10,1516.36 1 0
github.com/cloudhelper/probe_node/link_chain_runtime.go:1520.61,1521.14 1 0
github.com/cloudhelper/probe_node/link_chain_runtime.go:1521.14,1523.3 1 0
github.com/cloudhelper/probe_node/link_chain_runtime.go:1524.2,1525.19 2 0
github.com/cloudhelper/probe_node/link_chain_runtime.go:1525.19,1527.3 1 0
github.com/cloudhelper/probe_node/link_chain_runtime.go:1528.2,1528.19 1 0
github.com/cloudhelper/probe_node/link_chain_runtime.go:1528.19,1530.3 1 0
github.com/cloudhelper/probe_node/link_chain_runtime.go:1531.2,1531.35 1 0
github.com/cloudhelper/probe_node/link_chain_runtime.go:1534.106,1535.20 1 0
github.com/cloudhelper/probe_node/link_chain_runtime.go:1535.20,1537.3 1 0
github.com/cloudhelper/probe_node/link_chain_runtime.go:1538.2,1539.72 2 0
github.com/cloudhelper/probe_node/link_chain_runtime.go:1539.72,1543.3 3 0
github.com/cloudhelper/probe_node/link_chain_runtime.go:1545.2,1546.16 2 0
github.com/cloudhelper/probe_node/link_chain_runtime.go:1546.16,1551.3 4 0
github.com/cloudhelper/probe_node/link_chain_runtime.go:1552.2,1552.70 1 0
github.com/cloudhelper/probe_node/link_chain_runtime.go:1552.70,1557.3 4 0
github.com/cloudhelper/probe_node/link_chain_runtime.go:1558.2,1559.12 2 0
github.com/cloudhelper/probe_node/link_chain_runtime.go:1562.113,1564.16 2 1
github.com/cloudhelper/probe_node/link_chain_runtime.go:1564.16,1566.3 1 0
github.com/cloudhelper/probe_node/link_chain_runtime.go:1567.2,1575.26 2 1
github.com/cloudhelper/probe_node/link_chain_runtime.go:1575.26,1577.3 1 0
github.com/cloudhelper/probe_node/link_chain_runtime.go:1578.2,1578.20 1 1
github.com/cloudhelper/probe_node/link_chain_runtime.go:1578.20,1580.3 1 0
github.com/cloudhelper/probe_node/link_chain_runtime.go:1581.2,1581.17 1 1
github.com/cloudhelper/probe_node/link_chain_runtime.go:1584.61,1586.19 2 1
github.com/cloudhelper/probe_node/link_chain_runtime.go:1586.19,1588.3 1 0
github.com/cloudhelper/probe_node/link_chain_runtime.go:1589.2,1590.63 2 1
github.com/cloudhelper/probe_node/link_chain_runtime.go:1590.63,1592.3 1 0
github.com/cloudhelper/probe_node/link_chain_runtime.go:1593.2,1594.17 2 1
github.com/cloudhelper/probe_node/link_chain_runtime.go:1594.17,1596.3 1 0
github.com/cloudhelper/probe_node/link_chain_runtime.go:1597.2,1597.19 1 1
github.com/cloudhelper/probe_node/link_chain_runtime.go:1600.125,1601.20 1 0
github.com/cloudhelper/probe_node/link_chain_runtime.go:1601.20,1604.3 2 0
github.com/cloudhelper/probe_node/link_chain_runtime.go:1606.2,1613.40 7 0
github.com/cloudhelper/probe_node/link_chain_runtime.go:1613.40,1616.3 2 0
github.com/cloudhelper/probe_node/link_chain_runtime.go:1617.2,1619.68 2 0
github.com/cloudhelper/probe_node/link_chain_runtime.go:1619.68,1621.3 1 0
github.com/cloudhelper/probe_node/link_chain_runtime.go:1622.2,1623.21 2 0
github.com/cloudhelper/probe_node/link_chain_runtime.go:1623.21,1625.3 1 0
github.com/cloudhelper/probe_node/link_chain_runtime.go:1626.2,1628.20 3 0
github.com/cloudhelper/probe_node/link_chain_runtime.go:1628.20,1630.3 1 0
github.com/cloudhelper/probe_node/link_chain_runtime.go:1632.2,1637.12 3 0
github.com/cloudhelper/probe_node/link_chain_runtime.go:1637.12,1641.3 3 0
github.com/cloudhelper/probe_node/link_chain_runtime.go:1642.2,1642.12 1 0
github.com/cloudhelper/probe_node/link_chain_runtime.go:1642.12,1645.3 2 0
github.com/cloudhelper/probe_node/link_chain_runtime.go:1647.2,1648.16 2 0
github.com/cloudhelper/probe_node/link_chain_runtime.go:1648.16,1651.3 2 0
github.com/cloudhelper/probe_node/link_chain_runtime.go:1653.2,1654.40 2 0
github.com/cloudhelper/probe_node/link_chain_runtime.go:1654.40,1659.3 4 0
github.com/cloudhelper/probe_node/link_chain_runtime.go:1659.8,1664.3 4 0
github.com/cloudhelper/probe_node/link_chain_runtime.go:1665.2,1667.8 3 0
github.com/cloudhelper/probe_node/link_chain_runtime.go:1670.54,1671.15 1 0
github.com/cloudhelper/probe_node/link_chain_runtime.go:1671.15,1673.3 1 0
github.com/cloudhelper/probe_node/link_chain_runtime.go:1674.2,1676.45 3 0
github.com/cloudhelper/probe_node/link_chain_runtime.go:1676.45,1678.3 1 0
github.com/cloudhelper/probe_node/link_chain_runtime.go:1679.2,1680.43 2 0
github.com/cloudhelper/probe_node/link_chain_runtime.go:1680.43,1682.3 1 0
github.com/cloudhelper/probe_node/link_chain_runtime.go:1683.2,1693.60 11 0
github.com/cloudhelper/probe_node/link_chain_runtime.go:1693.60,1694.41 1 0
github.com/cloudhelper/probe_node/link_chain_runtime.go:1694.41,1696.4 1 0
github.com/cloudhelper/probe_node/link_chain_runtime.go:1697.3,1697.56 1 0
github.com/cloudhelper/probe_node/link_chain_runtime.go:1697.56,1699.4 1 0
github.com/cloudhelper/probe_node/link_chain_runtime.go:1700.3,1701.27 2 0
github.com/cloudhelper/probe_node/link_chain_runtime.go:1703.2,1703.42 1 0
github.com/cloudhelper/probe_node/link_chain_runtime.go:1703.42,1705.3 1 0
github.com/cloudhelper/probe_node/link_chain_runtime.go:1706.2,1706.40 1 0
github.com/cloudhelper/probe_node/link_chain_runtime.go:1706.40,1708.3 1 0
github.com/cloudhelper/probe_node/link_chain_runtime.go:1709.2,1709.33 1 0
github.com/cloudhelper/probe_node/link_chain_runtime.go:1709.33,1710.16 1 0
github.com/cloudhelper/probe_node/link_chain_runtime.go:1710.16,1712.4 1 0
github.com/cloudhelper/probe_node/link_chain_runtime.go:1714.2,1714.33 1 0
github.com/cloudhelper/probe_node/link_chain_runtime.go:1714.33,1715.16 1 0
github.com/cloudhelper/probe_node/link_chain_runtime.go:1715.16,1717.4 1 0
github.com/cloudhelper/probe_node/link_chain_runtime.go:1719.2,1719.27 1 0
github.com/cloudhelper/probe_node/link_chain_runtime.go:1719.27,1723.3 3 0
github.com/cloudhelper/probe_node/link_chain_runtime.go:1724.2,1724.27 1 0
github.com/cloudhelper/probe_node/link_chain_runtime.go:1724.27,1726.3 1 0
github.com/cloudhelper/probe_node/link_chain_runtime.go:1729.72,1730.15 1 0
github.com/cloudhelper/probe_node/link_chain_runtime.go:1730.15,1732.3 1 0
github.com/cloudhelper/probe_node/link_chain_runtime.go:1733.2,1734.23 2 0
github.com/cloudhelper/probe_node/link_chain_runtime.go:1734.23,1736.3 1 0
github.com/cloudhelper/probe_node/link_chain_runtime.go:1737.2,1741.49 5 0
github.com/cloudhelper/probe_node/link_chain_runtime.go:1744.131,1745.33 1 0
github.com/cloudhelper/probe_node/link_chain_runtime.go:1745.33,1747.3 1 0
github.com/cloudhelper/probe_node/link_chain_runtime.go:1748.2,1749.19 2 0
github.com/cloudhelper/probe_node/link_chain_runtime.go:1749.19,1751.3 1 0
github.com/cloudhelper/probe_node/link_chain_runtime.go:1752.2,1760.34 3 0
github.com/cloudhelper/probe_node/link_chain_runtime.go:1760.34,1762.3 1 0
github.com/cloudhelper/probe_node/link_chain_runtime.go:1763.2,1766.208 4 0
github.com/cloudhelper/probe_node/link_chain_runtime.go:1769.94,1770.32 1 0
github.com/cloudhelper/probe_node/link_chain_runtime.go:1770.32,1772.3 1 0
github.com/cloudhelper/probe_node/link_chain_runtime.go:1773.2,1777.19 5 0
github.com/cloudhelper/probe_node/link_chain_runtime.go:1777.19,1778.94 1 0
github.com/cloudhelper/probe_node/link_chain_runtime.go:1778.94,1781.4 2 0
github.com/cloudhelper/probe_node/link_chain_runtime.go:1782.8,1783.48 1 0
github.com/cloudhelper/probe_node/link_chain_runtime.go:1783.48,1784.45 1 0
github.com/cloudhelper/probe_node/link_chain_runtime.go:1784.45,1788.10 4 0
github.com/cloudhelper/probe_node/link_chain_runtime.go:1792.2,1794.224 3 0
github.com/cloudhelper/probe_node/link_chain_runtime.go:1797.68,1798.15 1 0
github.com/cloudhelper/probe_node/link_chain_runtime.go:1798.15,1800.3 1 0
github.com/cloudhelper/probe_node/link_chain_runtime.go:1801.2,1804.45 4 0
github.com/cloudhelper/probe_node/link_chain_runtime.go:1804.45,1805.68 1 0
github.com/cloudhelper/probe_node/link_chain_runtime.go:1805.68,1806.12 1 0
github.com/cloudhelper/probe_node/link_chain_runtime.go:1808.3,1808.66 1 0
github.com/cloudhelper/probe_node/link_chain_runtime.go:1808.66,1810.4 1 0
github.com/cloudhelper/probe_node/link_chain_runtime.go:1812.2,1812.19 1 0
github.com/cloudhelper/probe_node/link_chain_runtime.go:1812.19,1814.3 1 0
github.com/cloudhelper/probe_node/link_chain_runtime.go:1815.2,1815.23 1 0
github.com/cloudhelper/probe_node/link_chain_runtime.go:1818.129,1819.33 1 0
github.com/cloudhelper/probe_node/link_chain_runtime.go:1819.33,1821.3 1 0
github.com/cloudhelper/probe_node/link_chain_runtime.go:1822.2,1823.19 2 0
github.com/cloudhelper/probe_node/link_chain_runtime.go:1823.19,1825.3 1 0
github.com/cloudhelper/probe_node/link_chain_runtime.go:1826.2,1834.32 3 0
github.com/cloudhelper/probe_node/link_chain_runtime.go:1834.32,1836.3 1 0
github.com/cloudhelper/probe_node/link_chain_runtime.go:1837.2,1840.206 4 0
github.com/cloudhelper/probe_node/link_chain_runtime.go:1843.92,1844.32 1 0
github.com/cloudhelper/probe_node/link_chain_runtime.go:1844.32,1846.3 1 0
github.com/cloudhelper/probe_node/link_chain_runtime.go:1847.2,1851.19 5 0
github.com/cloudhelper/probe_node/link_chain_runtime.go:1851.19,1852.92 1 0
github.com/cloudhelper/probe_node/link_chain_runtime.go:1852.92,1855.4 2 0
github.com/cloudhelper/probe_node/link_chain_runtime.go:1856.8,1857.46 1 0
github.com/cloudhelper/probe_node/link_chain_runtime.go:1857.46,1858.45 1 0
github.com/cloudhelper/probe_node/link_chain_runtime.go:1858.45,1862.10 4 0
github.com/cloudhelper/probe_node/link_chain_runtime.go:1866.2,1868.222 3 0
github.com/cloudhelper/probe_node/link_chain_runtime.go:1871.66,1872.15 1 0
github.com/cloudhelper/probe_node/link_chain_runtime.go:1872.15,1874.3 1 0
github.com/cloudhelper/probe_node/link_chain_runtime.go:1875.2,1878.43 4 0
github.com/cloudhelper/probe_node/link_chain_runtime.go:1878.43,1879.68 1 0
github.com/cloudhelper/probe_node/link_chain_runtime.go:1879.68,1880.12 1 0
github.com/cloudhelper/probe_node/link_chain_runtime.go:1882.3,1882.66 1 0
github.com/cloudhelper/probe_node/link_chain_runtime.go:1882.66,1884.4 1 0
github.com/cloudhelper/probe_node/link_chain_runtime.go:1886.2,1886.19 1 0
github.com/cloudhelper/probe_node/link_chain_runtime.go:1886.19,1888.3 1 0
github.com/cloudhelper/probe_node/link_chain_runtime.go:1889.2,1889.23 1 0
github.com/cloudhelper/probe_node/link_chain_runtime.go:1892.64,1894.18 2 0
github.com/cloudhelper/probe_node/link_chain_runtime.go:1894.18,1896.3 1 0
github.com/cloudhelper/probe_node/link_chain_runtime.go:1897.2,1899.8 3 0
github.com/cloudhelper/probe_node/link_chain_runtime.go:1899.8,1901.3 1 0
github.com/cloudhelper/probe_node/link_chain_runtime.go:1902.2,1903.22 2 0
github.com/cloudhelper/probe_node/link_chain_runtime.go:1903.22,1905.3 1 0
github.com/cloudhelper/probe_node/link_chain_runtime.go:1906.2,1909.13 4 0
github.com/cloudhelper/probe_node/link_chain_runtime.go:1912.97,1916.70 3 0
github.com/cloudhelper/probe_node/link_chain_runtime.go:1916.70,1919.3 2 0
github.com/cloudhelper/probe_node/link_chain_runtime.go:1921.2,1922.41 2 0
github.com/cloudhelper/probe_node/link_chain_runtime.go:1922.41,1923.74 1 0
github.com/cloudhelper/probe_node/link_chain_runtime.go:1923.74,1925.4 1 0
github.com/cloudhelper/probe_node/link_chain_runtime.go:1926.3,1926.9 1 0
github.com/cloudhelper/probe_node/link_chain_runtime.go:1929.2,1930.16 2 0
github.com/cloudhelper/probe_node/link_chain_runtime.go:1930.16,1933.3 2 0
github.com/cloudhelper/probe_node/link_chain_runtime.go:1934.2,1935.15 2 0
github.com/cloudhelper/probe_node/link_chain_runtime.go:1935.15,1936.47 1 0
github.com/cloudhelper/probe_node/link_chain_runtime.go:1936.47,1938.4 1 0
github.com/cloudhelper/probe_node/link_chain_runtime.go:1940.2,1943.12 3 0
github.com/cloudhelper/probe_node/link_chain_runtime.go:1943.12,1947.3 3 0
github.com/cloudhelper/probe_node/link_chain_runtime.go:1948.2,1948.12 1 0
github.com/cloudhelper/probe_node/link_chain_runtime.go:1948.12,1951.3 2 0
github.com/cloudhelper/probe_node/link_chain_runtime.go:1952.2,1953.92 2 0
github.com/cloudhelper/probe_node/link_chain_runtime.go:1953.92,1955.3 1 0
github.com/cloudhelper/probe_node/link_chain_runtime.go:1955.8,1957.3 1 0
github.com/cloudhelper/probe_node/link_chain_runtime.go:1960.104,1964.70 3 0
github.com/cloudhelper/probe_node/link_chain_runtime.go:1964.70,1967.3 2 0
github.com/cloudhelper/probe_node/link_chain_runtime.go:1969.2,1971.45 3 0
github.com/cloudhelper/probe_node/link_chain_runtime.go:1971.45,1972.74 1 0
github.com/cloudhelper/probe_node/link_chain_runtime.go:1972.74,1974.4 1 0
github.com/cloudhelper/probe_node/link_chain_runtime.go:1975.3,1975.9 1 0
github.com/cloudhelper/probe_node/link_chain_runtime.go:1978.2,1981.28 4 0
github.com/cloudhelper/probe_node/link_chain_runtime.go:1981.28,1984.3 2 0
github.com/cloudhelper/probe_node/link_chain_runtime.go:1985.2,1988.16 3 0
github.com/cloudhelper/probe_node/link_chain_runtime.go:1988.16,1992.28 4 0
github.com/cloudhelper/probe_node/link_chain_runtime.go:1992.28,1995.4 2 0
github.com/cloudhelper/probe_node/link_chain_runtime.go:1996.3,1997.9 2 0
github.com/cloudhelper/probe_node/link_chain_runtime.go:1999.2,2000.15 2 0
github.com/cloudhelper/probe_node/link_chain_runtime.go:2000.15,2001.47 1 0
github.com/cloudhelper/probe_node/link_chain_runtime.go:2001.47,2003.4 1 0
github.com/cloudhelper/probe_node/link_chain_runtime.go:2005.2,2008.12 3 0
github.com/cloudhelper/probe_node/link_chain_runtime.go:2008.12,2012.3 3 0
github.com/cloudhelper/probe_node/link_chain_runtime.go:2013.2,2013.12 1 0
github.com/cloudhelper/probe_node/link_chain_runtime.go:2013.12,2016.3 2 0
github.com/cloudhelper/probe_node/link_chain_runtime.go:2017.2,2018.92 2 0
github.com/cloudhelper/probe_node/link_chain_runtime.go:2018.92,2020.3 1 0
github.com/cloudhelper/probe_node/link_chain_runtime.go:2020.8,2022.3 1 0
github.com/cloudhelper/probe_node/link_chain_runtime.go:2025.111,2026.20 1 0
github.com/cloudhelper/probe_node/link_chain_runtime.go:2026.20,2028.3 1 0
github.com/cloudhelper/probe_node/link_chain_runtime.go:2029.2,2029.41 1 0
github.com/cloudhelper/probe_node/link_chain_runtime.go:2029.41,2031.3 1 0
github.com/cloudhelper/probe_node/link_chain_runtime.go:2032.2,2033.16 2 0
github.com/cloudhelper/probe_node/link_chain_runtime.go:2033.16,2035.3 1 0
github.com/cloudhelper/probe_node/link_chain_runtime.go:2036.2,2039.25 1 0
github.com/cloudhelper/probe_node/link_chain_runtime.go:2039.25,2041.4 1 0
github.com/cloudhelper/probe_node/link_chain_runtime.go:2045.111,2046.20 1 0
github.com/cloudhelper/probe_node/link_chain_runtime.go:2046.20,2048.3 1 0
github.com/cloudhelper/probe_node/link_chain_runtime.go:2049.2,2050.16 2 0
github.com/cloudhelper/probe_node/link_chain_runtime.go:2050.16,2052.3 1 0
github.com/cloudhelper/probe_node/link_chain_runtime.go:2053.2,2056.25 1 0
github.com/cloudhelper/probe_node/link_chain_runtime.go:2056.25,2058.4 1 0
github.com/cloudhelper/probe_node/link_chain_runtime.go:2062.88,2063.15 1 0
github.com/cloudhelper/probe_node/link_chain_runtime.go:2063.15,2065.3 1 0
github.com/cloudhelper/probe_node/link_chain_runtime.go:2066.2,2067.19 2 0
github.com/cloudhelper/probe_node/link_chain_runtime.go:2067.19,2069.3 1 0
github.com/cloudhelper/probe_node/link_chain_runtime.go:2070.2,2073.74 4 0
github.com/cloudhelper/probe_node/link_chain_runtime.go:2073.74,2075.3 1 0
github.com/cloudhelper/probe_node/link_chain_runtime.go:2076.2,2076.21 1 0
github.com/cloudhelper/probe_node/link_chain_runtime.go:2079.86,2080.15 1 0
github.com/cloudhelper/probe_node/link_chain_runtime.go:2080.15,2082.3 1 0
github.com/cloudhelper/probe_node/link_chain_runtime.go:2083.2,2084.19 2 0
github.com/cloudhelper/probe_node/link_chain_runtime.go:2084.19,2086.3 1 0
github.com/cloudhelper/probe_node/link_chain_runtime.go:2087.2,2090.74 4 0
github.com/cloudhelper/probe_node/link_chain_runtime.go:2090.74,2092.3 1 0
github.com/cloudhelper/probe_node/link_chain_runtime.go:2093.2,2093.21 1 0
github.com/cloudhelper/probe_node/link_chain_runtime.go:2096.133,2097.20 1 0
github.com/cloudhelper/probe_node/link_chain_runtime.go:2097.20,2099.3 1 0
github.com/cloudhelper/probe_node/link_chain_runtime.go:2100.2,2100.18 1 0
github.com/cloudhelper/probe_node/link_chain_runtime.go:2100.18,2102.3 1 0
github.com/cloudhelper/probe_node/link_chain_runtime.go:2103.2,2104.6 2 0
github.com/cloudhelper/probe_node/link_chain_runtime.go:2104.6,2106.44 2 0
github.com/cloudhelper/probe_node/link_chain_runtime.go:2106.44,2108.22 2 0
github.com/cloudhelper/probe_node/link_chain_runtime.go:2108.22,2110.5 1 0
github.com/cloudhelper/probe_node/link_chain_runtime.go:2111.4,2111.26 1 0
github.com/cloudhelper/probe_node/link_chain_runtime.go:2111.26,2113.5 1 0
github.com/cloudhelper/probe_node/link_chain_runtime.go:2115.3,2115.33 1 0
github.com/cloudhelper/probe_node/link_chain_runtime.go:2115.33,2116.9 1 0
github.com/cloudhelper/probe_node/link_chain_runtime.go:2118.3,2118.10 1 0
github.com/cloudhelper/probe_node/link_chain_runtime.go:2119.25,2120.45 1 0
github.com/cloudhelper/probe_node/link_chain_runtime.go:2121.45,2121.45 0 0
github.com/cloudhelper/probe_node/link_chain_runtime.go:2124.2,2124.49 1 0
github.com/cloudhelper/probe_node/link_chain_runtime.go:2124.49,2126.3 1 0
github.com/cloudhelper/probe_node/link_chain_runtime.go:2127.2,2127.60 1 0
github.com/cloudhelper/probe_node/link_chain_runtime.go:2130.131,2131.20 1 0
github.com/cloudhelper/probe_node/link_chain_runtime.go:2131.20,2133.3 1 0
github.com/cloudhelper/probe_node/link_chain_runtime.go:2134.2,2134.18 1 0
github.com/cloudhelper/probe_node/link_chain_runtime.go:2134.18,2136.3 1 0
github.com/cloudhelper/probe_node/link_chain_runtime.go:2137.2,2139.6 3 0
github.com/cloudhelper/probe_node/link_chain_runtime.go:2139.6,2142.21 3 0
github.com/cloudhelper/probe_node/link_chain_runtime.go:2142.21,2145.15 3 0
github.com/cloudhelper/probe_node/link_chain_runtime.go:2145.15,2147.23 2 0
github.com/cloudhelper/probe_node/link_chain_runtime.go:2147.23,2150.6 2 0
github.com/cloudhelper/probe_node/link_chain_runtime.go:2151.5,2152.27 2 0
github.com/cloudhelper/probe_node/link_chain_runtime.go:2152.27,2155.6 2 0
github.com/cloudhelper/probe_node/link_chain_runtime.go:2157.9,2159.4 1 0
github.com/cloudhelper/probe_node/link_chain_runtime.go:2160.3,2160.33 1 0
github.com/cloudhelper/probe_node/link_chain_runtime.go:2160.33,2161.9 1 0
github.com/cloudhelper/probe_node/link_chain_runtime.go:2163.3,2163.10 1 0
github.com/cloudhelper/probe_node/link_chain_runtime.go:2164.25,2165.45 1 0
github.com/cloudhelper/probe_node/link_chain_runtime.go:2166.45,2166.45 0 0
github.com/cloudhelper/probe_node/link_chain_runtime.go:2169.2,2170.49 2 0
github.com/cloudhelper/probe_node/link_chain_runtime.go:2170.49,2172.3 1 0
github.com/cloudhelper/probe_node/link_chain_runtime.go:2173.2,2173.58 1 0
github.com/cloudhelper/probe_node/link_chain_runtime.go:2176.77,2178.2 1 0
github.com/cloudhelper/probe_node/link_chain_runtime.go:2180.121,2189.2 1 0
github.com/cloudhelper/probe_node/link_chain_runtime.go:2191.148,2193.16 2 0
github.com/cloudhelper/probe_node/link_chain_runtime.go:2193.16,2195.3 1 0
github.com/cloudhelper/probe_node/link_chain_runtime.go:2196.2,2197.16 2 0
github.com/cloudhelper/probe_node/link_chain_runtime.go:2197.16,2199.3 1 0
github.com/cloudhelper/probe_node/link_chain_runtime.go:2200.2,2203.16 4 0
github.com/cloudhelper/probe_node/link_chain_runtime.go:2203.16,2208.3 4 0
github.com/cloudhelper/probe_node/link_chain_runtime.go:2209.2,2213.90 5 0
github.com/cloudhelper/probe_node/link_chain_runtime.go:2213.90,2218.3 4 0
github.com/cloudhelper/probe_node/link_chain_runtime.go:2219.2,2221.46 3 0
github.com/cloudhelper/probe_node/link_chain_runtime.go:2221.46,2223.3 1 0
github.com/cloudhelper/probe_node/link_chain_runtime.go:2225.2,2228.15 4 0
github.com/cloudhelper/probe_node/link_chain_runtime.go:2229.15,2239.33 3 0
github.com/cloudhelper/probe_node/link_chain_runtime.go:2239.33,2239.61 1 0
github.com/cloudhelper/probe_node/link_chain_runtime.go:2240.15,2251.33 3 0
github.com/cloudhelper/probe_node/link_chain_runtime.go:2251.33,2254.4 2 0
github.com/cloudhelper/probe_node/link_chain_runtime.go:2255.10,2267.33 3 0
github.com/cloudhelper/probe_node/link_chain_runtime.go:2267.33,2270.4 2 0
github.com/cloudhelper/probe_node/link_chain_runtime.go:2273.2,2274.16 2 0
github.com/cloudhelper/probe_node/link_chain_runtime.go:2274.16,2279.3 4 0
github.com/cloudhelper/probe_node/link_chain_runtime.go:2280.2,2280.42 1 0
github.com/cloudhelper/probe_node/link_chain_runtime.go:2280.42,2287.3 6 0
github.com/cloudhelper/probe_node/link_chain_runtime.go:2289.2,2292.25 1 0
github.com/cloudhelper/probe_node/link_chain_runtime.go:2292.25,2298.4 5 0
github.com/cloudhelper/probe_node/link_chain_runtime.go:2302.50,2304.2 1 0
github.com/cloudhelper/probe_node/link_chain_runtime.go:2306.49,2308.17 2 0
github.com/cloudhelper/probe_node/link_chain_runtime.go:2308.17,2310.3 1 0
github.com/cloudhelper/probe_node/link_chain_runtime.go:2311.2,2311.14 1 0
github.com/cloudhelper/probe_node/link_chain_runtime.go:2314.68,2315.33 1 0
github.com/cloudhelper/probe_node/link_chain_runtime.go:2315.33,2317.3 1 0
github.com/cloudhelper/probe_node/link_chain_runtime.go:2318.2,2318.31 1 0
github.com/cloudhelper/probe_node/link_chain_runtime.go:2321.69,2322.33 1 0
github.com/cloudhelper/probe_node/link_chain_runtime.go:2322.33,2324.3 1 0
github.com/cloudhelper/probe_node/link_chain_runtime.go:2325.2,2325.32 1 0
github.com/cloudhelper/probe_node/link_chain_runtime.go:2328.48,2329.14 1 0
github.com/cloudhelper/probe_node/link_chain_runtime.go:2329.14,2331.3 1 0
github.com/cloudhelper/probe_node/link_chain_runtime.go:2332.2,2333.24 2 0
github.com/cloudhelper/probe_node/link_chain_runtime.go:2333.24,2334.23 1 0
github.com/cloudhelper/probe_node/link_chain_runtime.go:2334.23,2337.4 2 0
github.com/cloudhelper/probe_node/link_chain_runtime.go:2338.3,2338.22 1 0
github.com/cloudhelper/probe_node/link_chain_runtime.go:2338.22,2340.4 1 0
github.com/cloudhelper/probe_node/link_chain_runtime.go:2341.3,2341.22 1 0
github.com/cloudhelper/probe_node/link_chain_runtime.go:2341.22,2343.4 1 0
github.com/cloudhelper/probe_node/link_chain_runtime.go:2345.2,2345.17 1 0
github.com/cloudhelper/probe_node/link_chain_runtime.go:2348.55,2350.2 1 0
github.com/cloudhelper/probe_node/link_chain_runtime.go:2352.56,2354.2 1 0
github.com/cloudhelper/probe_node/link_chain_runtime.go:2356.65,2359.2 2 0
github.com/cloudhelper/probe_node/link_chain_runtime.go:2361.69,2364.2 2 0
github.com/cloudhelper/probe_node/link_chain_runtime.go:2366.70,2369.2 2 0
github.com/cloudhelper/probe_node/link_chain_runtime.go:2371.97,2374.24 3 0
github.com/cloudhelper/probe_node/link_chain_runtime.go:2374.24,2376.3 1 0
github.com/cloudhelper/probe_node/link_chain_runtime.go:2377.2,2377.23 1 0
github.com/cloudhelper/probe_node/link_chain_runtime.go:2377.23,2379.3 1 0
github.com/cloudhelper/probe_node/link_chain_runtime.go:2380.2,2384.12 5 0
github.com/cloudhelper/probe_node/link_chain_runtime.go:2387.85,2389.21 2 0
github.com/cloudhelper/probe_node/link_chain_runtime.go:2389.21,2391.3 1 0
github.com/cloudhelper/probe_node/link_chain_runtime.go:2392.2,2392.31 1 0
github.com/cloudhelper/probe_node/link_chain_runtime.go:2392.31,2394.3 1 0
github.com/cloudhelper/probe_node/link_chain_runtime.go:2395.2,2403.24 5 0
github.com/cloudhelper/probe_node/link_chain_runtime.go:2406.98,2408.21 2 0
github.com/cloudhelper/probe_node/link_chain_runtime.go:2408.21,2410.3 1 0
github.com/cloudhelper/probe_node/link_chain_runtime.go:2411.2,2411.53 1 0
github.com/cloudhelper/probe_node/link_chain_runtime.go:2411.53,2413.3 1 0
github.com/cloudhelper/probe_node/link_chain_runtime.go:2415.2,2418.23 4 0
github.com/cloudhelper/probe_node/link_chain_runtime.go:2418.23,2420.3 1 0
github.com/cloudhelper/probe_node/link_chain_runtime.go:2421.2,2422.15 2 0
github.com/cloudhelper/probe_node/link_chain_runtime.go:2422.15,2424.3 1 0
github.com/cloudhelper/probe_node/link_chain_runtime.go:2425.2,2425.36 1 0
github.com/cloudhelper/probe_node/link_chain_runtime.go:2428.94,2432.51 3 1
github.com/cloudhelper/probe_node/link_chain_runtime.go:2432.51,2434.3 1 1
github.com/cloudhelper/probe_node/link_chain_runtime.go:2435.2,2435.27 1 1
github.com/cloudhelper/probe_node/link_chain_runtime.go:2435.27,2436.60 1 1
github.com/cloudhelper/probe_node/link_chain_runtime.go:2436.60,2438.4 1 1
github.com/cloudhelper/probe_node/link_chain_runtime.go:2440.2,2440.25 1 1
github.com/cloudhelper/probe_node/link_chain_runtime.go:2440.25,2442.3 1 1
github.com/cloudhelper/probe_node/link_chain_runtime.go:2443.2,2443.24 1 0
github.com/cloudhelper/probe_node/link_chain_runtime.go:2446.59,2447.32 1 0
github.com/cloudhelper/probe_node/link_chain_runtime.go:2447.32,2448.23 1 0
github.com/cloudhelper/probe_node/link_chain_runtime.go:2448.23,2449.12 1 0
github.com/cloudhelper/probe_node/link_chain_runtime.go:2451.3,2451.39 1 0
github.com/cloudhelper/probe_node/link_chain_runtime.go:2451.39,2453.4 1 0
github.com/cloudhelper/probe_node/link_chain_runtime.go:2455.2,2455.32 1 0
github.com/cloudhelper/probe_node/link_chain_runtime.go:2455.32,2456.23 1 0
github.com/cloudhelper/probe_node/link_chain_runtime.go:2456.23,2457.12 1 0
github.com/cloudhelper/probe_node/link_chain_runtime.go:2459.3,2459.40 1 0
github.com/cloudhelper/probe_node/link_chain_runtime.go:2459.40,2461.4 1 0
github.com/cloudhelper/probe_node/link_chain_runtime.go:2463.2,2463.12 1 0
github.com/cloudhelper/probe_node/link_chain_runtime.go:2466.100,2468.2 1 0
github.com/cloudhelper/probe_node/link_chain_runtime.go:2470.72,2471.33 1 0
github.com/cloudhelper/probe_node/link_chain_runtime.go:2471.33,2474.3 2 0
github.com/cloudhelper/probe_node/link_chain_runtime.go:2475.2,2476.19 2 0
github.com/cloudhelper/probe_node/link_chain_runtime.go:2476.19,2479.3 2 0
github.com/cloudhelper/probe_node/link_chain_runtime.go:2481.2,2482.20 2 0
github.com/cloudhelper/probe_node/link_chain_runtime.go:2482.20,2485.3 2 0
github.com/cloudhelper/probe_node/link_chain_runtime.go:2486.2,2486.78 1 0
github.com/cloudhelper/probe_node/link_chain_runtime.go:2486.78,2489.3 2 0
github.com/cloudhelper/probe_node/link_chain_runtime.go:2490.2,2491.60 2 0
github.com/cloudhelper/probe_node/link_chain_runtime.go:2500.81,2504.36 4 0
github.com/cloudhelper/probe_node/link_chain_runtime.go:2504.36,2506.3 1 0
github.com/cloudhelper/probe_node/link_chain_runtime.go:2507.2,2507.15 1 0
github.com/cloudhelper/probe_node/link_chain_runtime.go:2510.62,2512.18 2 0
github.com/cloudhelper/probe_node/link_chain_runtime.go:2512.18,2514.3 1 0
github.com/cloudhelper/probe_node/link_chain_runtime.go:2515.2,2518.16 4 0
github.com/cloudhelper/probe_node/link_chain_runtime.go:2521.55,2523.16 2 0
github.com/cloudhelper/probe_node/link_chain_runtime.go:2523.16,2525.3 1 0
github.com/cloudhelper/probe_node/link_chain_runtime.go:2526.2,2526.62 1 0
github.com/cloudhelper/probe_node/link_chain_runtime.go:2526.62,2527.22 1 0
github.com/cloudhelper/probe_node/link_chain_runtime.go:2527.22,2529.4 1 0
github.com/cloudhelper/probe_node/link_chain_runtime.go:2530.3,2530.15 1 0
github.com/cloudhelper/probe_node/link_chain_runtime.go:2532.2,2532.18 1 0
github.com/cloudhelper/probe_node/link_chain_runtime.go:2532.18,2534.3 1 0
github.com/cloudhelper/probe_node/link_chain_runtime.go:2535.2,2535.13 1 0
github.com/cloudhelper/probe_node/link_chain_runtime.go:2538.71,2539.33 1 0
github.com/cloudhelper/probe_node/link_chain_runtime.go:2539.33,2540.32 1 0
github.com/cloudhelper/probe_node/link_chain_runtime.go:2540.32,2542.4 1 0
github.com/cloudhelper/probe_node/link_chain_runtime.go:2543.3,2543.30 1 0
github.com/cloudhelper/probe_node/link_chain_runtime.go:2545.2,2545.31 1 0
github.com/cloudhelper/probe_node/link_chain_runtime.go:2548.47,2553.2 4 0
github.com/cloudhelper/probe_node/link_chain_runtime.go:2555.103,2557.19 2 0
github.com/cloudhelper/probe_node/link_chain_runtime.go:2557.19,2562.3 1 0
github.com/cloudhelper/probe_node/link_chain_runtime.go:2563.2,2564.12 2 0
github.com/cloudhelper/probe_node/link_chain_runtime.go:2567.79,2568.19 1 0
github.com/cloudhelper/probe_node/link_chain_runtime.go:2568.19,2570.3 1 0
github.com/cloudhelper/probe_node/link_chain_runtime.go:2571.2,2575.61 4 0
github.com/cloudhelper/probe_node/link_chain_runtime.go:2575.61,2578.21 3 0
github.com/cloudhelper/probe_node/link_chain_runtime.go:2578.21,2581.4 2 0
github.com/cloudhelper/probe_node/link_chain_runtime.go:2582.3,2583.9 2 0
github.com/cloudhelper/probe_node/link_chain_runtime.go:2585.2,2589.19 4 0
github.com/cloudhelper/probe_node/link_chain_runtime.go:2589.19,2591.3 1 0
github.com/cloudhelper/probe_node/link_chain_runtime.go:2592.2,2593.18 2 0
github.com/cloudhelper/probe_node/link_chain_runtime.go:2593.18,2596.3 2 0
github.com/cloudhelper/probe_node/link_chain_runtime.go:2598.2,2598.30 1 0
github.com/cloudhelper/probe_node/link_chain_runtime.go:2598.30,2600.3 1 0
github.com/cloudhelper/probe_node/link_chain_runtime.go:2602.2,2604.17 3 0
github.com/cloudhelper/probe_node/link_chain_runtime.go:2605.13,2606.61 1 0
github.com/cloudhelper/probe_node/link_chain_runtime.go:2607.13,2608.76 1 0
github.com/cloudhelper/probe_node/link_chain_runtime.go:2609.14,2610.68 1 0
github.com/cloudhelper/probe_node/link_chain_runtime.go:2611.10,2612.126 1 0
github.com/cloudhelper/probe_node/link_chain_runtime.go:2614.2,2614.90 1 0
github.com/cloudhelper/probe_node/link_chain_runtime.go:2614.90,2616.3 1 0
github.com/cloudhelper/probe_node/link_chain_runtime.go:2617.2,2619.20 3 0
github.com/cloudhelper/probe_node/link_chain_runtime.go:2619.20,2622.3 2 0
github.com/cloudhelper/probe_node/link_chain_runtime.go:2623.2,2624.32 2 0
github.com/cloudhelper/probe_node/link_chain_runtime.go:2624.32,2626.3 1 0
github.com/cloudhelper/probe_node/link_chain_runtime.go:2627.2,2627.115 1 0
github.com/cloudhelper/probe_node/link_chain_runtime.go:2630.98,2635.2 4 0
github.com/cloudhelper/probe_node/link_chain_runtime.go:2637.76,2640.16 3 0
github.com/cloudhelper/probe_node/link_chain_runtime.go:2640.16,2644.3 3 0
github.com/cloudhelper/probe_node/link_chain_runtime.go:2645.2,2647.106 2 0
github.com/cloudhelper/probe_node/link_chain_runtime.go:2647.106,2649.3 1 0
github.com/cloudhelper/probe_node/link_chain_runtime.go:2651.2,2653.12 3 0
github.com/cloudhelper/probe_node/link_chain_runtime.go:2653.12,2654.19 1 0
github.com/cloudhelper/probe_node/link_chain_runtime.go:2654.19,2656.4 1 0
github.com/cloudhelper/probe_node/link_chain_runtime.go:2657.3,2658.19 2 0
github.com/cloudhelper/probe_node/link_chain_runtime.go:2658.19,2660.4 1 0
github.com/cloudhelper/probe_node/link_chain_runtime.go:2661.3,2662.19 2 0
github.com/cloudhelper/probe_node/link_chain_runtime.go:2664.2,2664.12 1 0
github.com/cloudhelper/probe_node/link_chain_runtime.go:2664.12,2665.19 1 0
github.com/cloudhelper/probe_node/link_chain_runtime.go:2665.19,2667.4 1 0
github.com/cloudhelper/probe_node/link_chain_runtime.go:2668.3,2669.19 2 0
github.com/cloudhelper/probe_node/link_chain_runtime.go:2669.19,2671.4 1 0
github.com/cloudhelper/probe_node/link_chain_runtime.go:2672.3,2673.19 2 0
github.com/cloudhelper/probe_node/link_chain_runtime.go:2676.2,2677.87 2 0
github.com/cloudhelper/probe_node/link_chain_runtime.go:2677.87,2679.3 1 0
github.com/cloudhelper/probe_node/link_chain_runtime.go:2680.2,2680.18 1 0
github.com/cloudhelper/probe_node/link_chain_runtime.go:2680.18,2682.3 1 0
github.com/cloudhelper/probe_node/link_chain_runtime.go:2682.8,2684.3 1 0
github.com/cloudhelper/probe_node/link_chain_runtime.go:2685.2,2685.16 1 0
github.com/cloudhelper/probe_node/link_chain_runtime.go:2688.120,2690.16 2 0
github.com/cloudhelper/probe_node/link_chain_runtime.go:2690.16,2693.3 2 0
github.com/cloudhelper/probe_node/link_chain_runtime.go:2694.2,2696.106 2 0
github.com/cloudhelper/probe_node/link_chain_runtime.go:2696.106,2698.3 1 0
github.com/cloudhelper/probe_node/link_chain_runtime.go:2700.2,2702.12 3 0
github.com/cloudhelper/probe_node/link_chain_runtime.go:2702.12,2703.7 1 0
github.com/cloudhelper/probe_node/link_chain_runtime.go:2703.7,2705.22 2 0
github.com/cloudhelper/probe_node/link_chain_runtime.go:2705.22,2708.5 2 0
github.com/cloudhelper/probe_node/link_chain_runtime.go:2709.4,2709.25 1 0
github.com/cloudhelper/probe_node/link_chain_runtime.go:2709.25,2710.13 1 0
github.com/cloudhelper/probe_node/link_chain_runtime.go:2712.4,2712.57 1 0
github.com/cloudhelper/probe_node/link_chain_runtime.go:2712.57,2715.5 2 0
github.com/cloudhelper/probe_node/link_chain_runtime.go:2719.2,2719.12 1 0
github.com/cloudhelper/probe_node/link_chain_runtime.go:2719.12,2721.7 2 0
github.com/cloudhelper/probe_node/link_chain_runtime.go:2721.7,2723.13 2 0
github.com/cloudhelper/probe_node/link_chain_runtime.go:2723.13,2724.82 1 0
github.com/cloudhelper/probe_node/link_chain_runtime.go:2724.82,2727.6 2 0
github.com/cloudhelper/probe_node/link_chain_runtime.go:2729.4,2729.22 1 0
github.com/cloudhelper/probe_node/link_chain_runtime.go:2729.22,2732.5 2 0
github.com/cloudhelper/probe_node/link_chain_runtime.go:2736.2,2737.87 2 0
github.com/cloudhelper/probe_node/link_chain_runtime.go:2737.87,2739.3 1 0
github.com/cloudhelper/probe_node/link_chain_runtime.go:2740.2,2740.16 1 0
github.com/cloudhelper/probe_node/link_chain_runtime.go:2743.95,2744.106 1 0
github.com/cloudhelper/probe_node/link_chain_runtime.go:2744.106,2746.3 1 0
github.com/cloudhelper/probe_node/link_chain_runtime.go:2747.2,2747.76 1 0
github.com/cloudhelper/probe_node/link_chain_runtime.go:2750.104,2752.16 2 0
github.com/cloudhelper/probe_node/link_chain_runtime.go:2752.16,2754.3 1 0
github.com/cloudhelper/probe_node/link_chain_runtime.go:2755.2,2755.21 1 0
github.com/cloudhelper/probe_node/link_chain_runtime.go:2756.12,2758.17 2 0
github.com/cloudhelper/probe_node/link_chain_runtime.go:2758.17,2761.4 2 0
github.com/cloudhelper/probe_node/link_chain_runtime.go:2762.3,2763.109 2 0
github.com/cloudhelper/probe_node/link_chain_runtime.go:2763.109,2765.4 1 0
github.com/cloudhelper/probe_node/link_chain_runtime.go:2767.3,2771.13 5 0
github.com/cloudhelper/probe_node/link_chain_runtime.go:2772.12,2774.75 1 0
github.com/cloudhelper/probe_node/link_chain_runtime.go:2775.10,2777.66 2 0
github.com/cloudhelper/probe_node/link_chain_runtime.go:2781.103,2783.16 2 0
github.com/cloudhelper/probe_node/link_chain_runtime.go:2783.16,2786.3 2 0
github.com/cloudhelper/probe_node/link_chain_runtime.go:2787.2,2790.16 3 0
github.com/cloudhelper/probe_node/link_chain_runtime.go:2790.16,2793.3 2 0
github.com/cloudhelper/probe_node/link_chain_runtime.go:2794.2,2795.16 2 0
github.com/cloudhelper/probe_node/link_chain_runtime.go:2795.16,2798.3 2 0
github.com/cloudhelper/probe_node/link_chain_runtime.go:2799.2,2801.78 2 0
github.com/cloudhelper/probe_node/link_chain_runtime.go:2801.78,2802.96 1 0
github.com/cloudhelper/probe_node/link_chain_runtime.go:2802.96,2804.4 1 0
github.com/cloudhelper/probe_node/link_chain_runtime.go:2805.3,2809.13 5 0
github.com/cloudhelper/probe_node/link_chain_runtime.go:2812.2,2813.24 2 0
github.com/cloudhelper/probe_node/link_chain_runtime.go:2813.24,2814.50 1 0
github.com/cloudhelper/probe_node/link_chain_runtime.go:2814.50,2816.4 1 0
github.com/cloudhelper/probe_node/link_chain_runtime.go:2817.3,2817.48 1 0
github.com/cloudhelper/probe_node/link_chain_runtime.go:2817.48,2819.4 1 0
github.com/cloudhelper/probe_node/link_chain_runtime.go:2821.2,2822.50 2 0
github.com/cloudhelper/probe_node/link_chain_runtime.go:2822.50,2825.3 2 0
github.com/cloudhelper/probe_node/link_chain_runtime.go:2827.2,2831.12 5 0
github.com/cloudhelper/probe_node/link_chain_runtime.go:2834.78,2836.69 2 0
github.com/cloudhelper/probe_node/link_chain_runtime.go:2836.69,2838.3 1 0
github.com/cloudhelper/probe_node/link_chain_runtime.go:2839.2,2841.34 3 0
github.com/cloudhelper/probe_node/link_chain_runtime.go:2841.34,2843.3 1 0
github.com/cloudhelper/probe_node/link_chain_runtime.go:2844.2,2844.24 1 0
github.com/cloudhelper/probe_node/link_chain_runtime.go:2844.24,2845.65 1 0
github.com/cloudhelper/probe_node/link_chain_runtime.go:2846.16,2847.21 1 0
github.com/cloudhelper/probe_node/link_chain_runtime.go:2848.15,2849.20 1 0
github.com/cloudhelper/probe_node/link_chain_runtime.go:2852.2,2852.61 1 0
github.com/cloudhelper/probe_node/link_chain_runtime.go:2855.81,2857.17 2 0
github.com/cloudhelper/probe_node/link_chain_runtime.go:2857.17,2859.3 1 0
github.com/cloudhelper/probe_node/link_chain_runtime.go:2860.2,2861.17 2 0
github.com/cloudhelper/probe_node/link_chain_runtime.go:2861.17,2863.3 1 0
github.com/cloudhelper/probe_node/link_chain_runtime.go:2864.2,2864.64 1 0
github.com/cloudhelper/probe_node/link_chain_runtime.go:2864.64,2867.34 3 0
github.com/cloudhelper/probe_node/link_chain_runtime.go:2867.34,2869.4 1 0
github.com/cloudhelper/probe_node/link_chain_runtime.go:2870.3,2871.46 2 0
github.com/cloudhelper/probe_node/link_chain_runtime.go:2871.46,2873.4 1 0
github.com/cloudhelper/probe_node/link_chain_runtime.go:2874.3,2874.57 1 0
github.com/cloudhelper/probe_node/link_chain_runtime.go:2876.2,2877.16 2 0
github.com/cloudhelper/probe_node/link_chain_runtime.go:2877.16,2879.3 1 0
github.com/cloudhelper/probe_node/link_chain_runtime.go:2880.2,2880.45 1 0
github.com/cloudhelper/probe_node/link_chain_runtime.go:2880.45,2882.3 1 0
github.com/cloudhelper/probe_node/link_chain_runtime.go:2883.2,2883.63 1 0
github.com/cloudhelper/probe_node/link_chain_runtime.go:2886.119,2888.12 2 0
github.com/cloudhelper/probe_node/link_chain_runtime.go:2888.12,2892.3 3 0
github.com/cloudhelper/probe_node/link_chain_runtime.go:2893.2,2893.12 1 0
github.com/cloudhelper/probe_node/link_chain_runtime.go:2893.12,2897.3 3 0
github.com/cloudhelper/probe_node/link_chain_runtime.go:2898.2,2898.8 1 0
github.com/cloudhelper/probe_node/link_chain_runtime.go:2901.46,2902.62 1 0
github.com/cloudhelper/probe_node/link_chain_runtime.go:2902.62,2904.3 1 0
github.com/cloudhelper/probe_node/link_chain_runtime.go:2907.51,2908.19 1 0
github.com/cloudhelper/probe_node/link_chain_runtime.go:2908.19,2910.3 1 0
github.com/cloudhelper/probe_node/link_chain_runtime.go:2911.2,2911.39 1 0
github.com/cloudhelper/probe_node/link_chain_runtime.go:2911.39,2914.3 2 0
github.com/cloudhelper/probe_node/link_chain_runtime.go:2915.2,2915.20 1 0
github.com/cloudhelper/probe_node/link_chain_runtime.go:2918.90,2920.22 2 0
github.com/cloudhelper/probe_node/link_chain_runtime.go:2920.22,2922.3 1 0
github.com/cloudhelper/probe_node/link_chain_runtime.go:2923.2,2924.20 2 0
github.com/cloudhelper/probe_node/link_chain_runtime.go:2924.20,2926.3 1 0
github.com/cloudhelper/probe_node/link_chain_runtime.go:2927.2,2936.12 4 0
github.com/cloudhelper/probe_node/link_chain_runtime.go:2939.98,2941.16 2 0
github.com/cloudhelper/probe_node/link_chain_runtime.go:2941.16,2943.3 1 0
github.com/cloudhelper/probe_node/link_chain_runtime.go:2944.2,2945.17 2 0
github.com/cloudhelper/probe_node/link_chain_runtime.go:2946.12,2948.17 2 0
github.com/cloudhelper/probe_node/link_chain_runtime.go:2948.17,2950.4 1 0
github.com/cloudhelper/probe_node/link_chain_runtime.go:2951.3,2952.18 2 0
github.com/cloudhelper/probe_node/link_chain_runtime.go:2953.12,2954.61 1 0
github.com/cloudhelper/probe_node/link_chain_runtime.go:2954.61,2956.4 1 0
github.com/cloudhelper/probe_node/link_chain_runtime.go:2957.3,2958.17 2 0
github.com/cloudhelper/probe_node/link_chain_runtime.go:2958.17,2960.4 1 0
github.com/cloudhelper/probe_node/link_chain_runtime.go:2961.3,2962.18 2 0
github.com/cloudhelper/probe_node/link_chain_runtime.go:2963.10,2964.88 1 0
github.com/cloudhelper/probe_node/link_chain_runtime.go:2968.71,2970.49 2 0
github.com/cloudhelper/probe_node/link_chain_runtime.go:2970.49,2972.3 1 0
github.com/cloudhelper/probe_node/link_chain_runtime.go:2973.2,2973.21 1 0
github.com/cloudhelper/probe_node/link_chain_runtime.go:2973.21,2975.3 1 0
github.com/cloudhelper/probe_node/link_chain_runtime.go:2976.2,2977.19 2 0
github.com/cloudhelper/probe_node/link_chain_runtime.go:2977.19,2979.3 1 0
github.com/cloudhelper/probe_node/link_chain_runtime.go:2980.2,2981.52 2 0
github.com/cloudhelper/probe_node/link_chain_runtime.go:2981.52,2983.3 1 0
github.com/cloudhelper/probe_node/link_chain_runtime.go:2984.2,2984.33 1 0
github.com/cloudhelper/probe_node/link_chain_runtime.go:2984.33,2985.21 1 0
github.com/cloudhelper/probe_node/link_chain_runtime.go:2985.21,2988.4 2 0
github.com/cloudhelper/probe_node/link_chain_runtime.go:2990.2,2991.54 2 0
github.com/cloudhelper/probe_node/link_chain_runtime.go:2994.99,2996.49 2 0
github.com/cloudhelper/probe_node/link_chain_runtime.go:2996.49,2998.3 1 0
github.com/cloudhelper/probe_node/link_chain_runtime.go:2999.2,2999.21 1 0
github.com/cloudhelper/probe_node/link_chain_runtime.go:2999.21,3001.3 1 0
github.com/cloudhelper/probe_node/link_chain_runtime.go:3002.2,3003.32 2 0
github.com/cloudhelper/probe_node/link_chain_runtime.go:3003.32,3006.3 2 0
github.com/cloudhelper/probe_node/link_chain_runtime.go:3008.2,3010.14 3 0
github.com/cloudhelper/probe_node/link_chain_runtime.go:3011.12,3013.48 2 0
github.com/cloudhelper/probe_node/link_chain_runtime.go:3013.48,3015.4 1 0
github.com/cloudhelper/probe_node/link_chain_runtime.go:3016.3,3016.29 1 0
github.com/cloudhelper/probe_node/link_chain_runtime.go:3017.12,3019.17 2 0
github.com/cloudhelper/probe_node/link_chain_runtime.go:3019.17,3021.4 1 0
github.com/cloudhelper/probe_node/link_chain_runtime.go:3022.3,3023.52 2 0
github.com/cloudhelper/probe_node/link_chain_runtime.go:3023.52,3025.4 1 0
github.com/cloudhelper/probe_node/link_chain_runtime.go:3026.3,3026.43 1 0
github.com/cloudhelper/probe_node/link_chain_runtime.go:3027.12,3029.48 2 0
github.com/cloudhelper/probe_node/link_chain_runtime.go:3029.48,3031.4 1 0
github.com/cloudhelper/probe_node/link_chain_runtime.go:3032.3,3032.29 1 0
github.com/cloudhelper/probe_node/link_chain_runtime.go:3033.10,3035.74 2 0
github.com/cloudhelper/probe_node/link_chain_runtime.go:3037.2,3037.35 1 0
github.com/cloudhelper/probe_node/link_chain_runtime.go:3037.35,3040.3 2 0
github.com/cloudhelper/probe_node/link_chain_runtime.go:3041.2,3042.54 2 0
github.com/cloudhelper/probe_node/link_chain_runtime.go:3042.54,3044.3 1 0
github.com/cloudhelper/probe_node/link_chain_runtime.go:3045.2,3046.30 2 0
github.com/cloudhelper/probe_node/link_chain_runtime.go:3046.30,3049.3 2 0
github.com/cloudhelper/probe_node/link_chain_runtime.go:3050.2,3053.8 1 0
github.com/cloudhelper/probe_node/link_chain_runtime.go:3056.99,3058.49 2 0
github.com/cloudhelper/probe_node/link_chain_runtime.go:3058.49,3060.3 1 0
github.com/cloudhelper/probe_node/link_chain_runtime.go:3061.2,3061.21 1 0
github.com/cloudhelper/probe_node/link_chain_runtime.go:3061.21,3063.3 1 0
github.com/cloudhelper/probe_node/link_chain_runtime.go:3064.2,3064.21 1 0
github.com/cloudhelper/probe_node/link_chain_runtime.go:3064.21,3067.3 2 0
github.com/cloudhelper/probe_node/link_chain_runtime.go:3069.2,3070.15 2 0
github.com/cloudhelper/probe_node/link_chain_runtime.go:3070.15,3073.3 2 0
github.com/cloudhelper/probe_node/link_chain_runtime.go:3075.2,3075.65 1 0
github.com/cloudhelper/probe_node/link_chain_runtime.go:3075.65,3078.3 2 0
github.com/cloudhelper/probe_node/link_chain_runtime.go:3079.2,3081.90 3 0
github.com/cloudhelper/probe_node/link_chain_runtime.go:3081.90,3083.17 2 0
github.com/cloudhelper/probe_node/link_chain_runtime.go:3083.17,3086.4 2 0
github.com/cloudhelper/probe_node/link_chain_runtime.go:3087.3,3087.35 1 0
github.com/cloudhelper/probe_node/link_chain_runtime.go:3088.8,3090.3 1 0
github.com/cloudhelper/probe_node/link_chain_runtime.go:3091.2,3091.35 1 0
github.com/cloudhelper/probe_node/link_chain_runtime.go:3091.35,3094.3 2 0
github.com/cloudhelper/probe_node/link_chain_runtime.go:3096.2,3099.8 1 0
github.com/cloudhelper/probe_node/link_chain_runtime.go:3102.81,3103.17 1 0
github.com/cloudhelper/probe_node/link_chain_runtime.go:3103.17,3105.3 1 0
github.com/cloudhelper/probe_node/link_chain_runtime.go:3106.2,3107.27 2 0
github.com/cloudhelper/probe_node/link_chain_runtime.go:3107.27,3109.17 2 0
github.com/cloudhelper/probe_node/link_chain_runtime.go:3109.17,3111.4 1 0
github.com/cloudhelper/probe_node/link_chain_runtime.go:3112.3,3112.16 1 0
github.com/cloudhelper/probe_node/link_chain_runtime.go:3112.16,3114.4 1 0
github.com/cloudhelper/probe_node/link_chain_runtime.go:3115.3,3115.29 1 0
github.com/cloudhelper/probe_node/link_chain_runtime.go:3117.2,3117.67 1 0
github.com/cloudhelper/probe_node/link_chain_runtime.go:3120.86,3121.21 1 0
github.com/cloudhelper/probe_node/link_chain_runtime.go:3121.21,3123.3 1 0
github.com/cloudhelper/probe_node/link_chain_runtime.go:3124.2,3124.60 1 0
github.com/cloudhelper/probe_node/link_chain_runtime.go:3127.69,3128.21 1 0
github.com/cloudhelper/probe_node/link_chain_runtime.go:3128.21,3130.3 1 0
github.com/cloudhelper/probe_node/link_chain_runtime.go:3131.2,3131.42 1 0
github.com/cloudhelper/probe_node/link_chain_runtime.go:3134.59,3136.2 1 0
github.com/cloudhelper/probe_node/link_chain_runtime.go:3138.59,3142.2 3 0
github.com/cloudhelper/probe_node/link_chain_runtime.go:3144.84,3146.16 2 0
github.com/cloudhelper/probe_node/link_chain_runtime.go:3146.16,3149.3 2 0
github.com/cloudhelper/probe_node/link_chain_runtime.go:3150.2,3151.44 2 0
github.com/cloudhelper/probe_node/link_chain_runtime.go:3151.44,3153.3 1 0
github.com/cloudhelper/probe_node/link_chain_runtime.go:3155.2,3156.33 2 0
github.com/cloudhelper/probe_node/link_chain_runtime.go:3156.33,3161.3 4 0
github.com/cloudhelper/probe_node/link_chain_runtime.go:3162.2,3162.36 1 0
github.com/cloudhelper/probe_node/link_chain_runtime.go:3162.36,3172.3 9 0
github.com/cloudhelper/probe_node/link_chain_runtime.go:3174.2,3175.26 2 0
github.com/cloudhelper/probe_node/link_chain_runtime.go:3175.26,3177.3 1 0
github.com/cloudhelper/probe_node/link_chain_runtime.go:3178.2,3187.12 10 0
github.com/cloudhelper/probe_node/link_chain_runtime.go:3190.98,3192.16 2 0
github.com/cloudhelper/probe_node/link_chain_runtime.go:3192.16,3195.3 2 0
github.com/cloudhelper/probe_node/link_chain_runtime.go:3196.2,3198.97 2 0
github.com/cloudhelper/probe_node/link_chain_runtime.go:3198.97,3200.3 1 0
github.com/cloudhelper/probe_node/link_chain_runtime.go:3202.2,3206.12 5 0
github.com/cloudhelper/probe_node/link_chain_runtime.go:3206.12,3209.7 3 0
github.com/cloudhelper/probe_node/link_chain_runtime.go:3209.7,3212.22 3 0
github.com/cloudhelper/probe_node/link_chain_runtime.go:3212.22,3213.66 1 0
github.com/cloudhelper/probe_node/link_chain_runtime.go:3213.66,3214.13 1 0
github.com/cloudhelper/probe_node/link_chain_runtime.go:3215.25,3216.13 1 0
github.com/cloudhelper/probe_node/link_chain_runtime.go:3217.14,3218.15 1 0
[...]
github.com/cloudhelper/probe_node/upgrade.go:585.68,587.4 1 0
github.com/cloudhelper/probe_node/upgrade.go:588.3,588.65 1 0
github.com/cloudhelper/probe_node/upgrade.go:590.2,590.12 1 0
github.com/cloudhelper/probe_node/upgrade.go:593.73,595.16 2 0
github.com/cloudhelper/probe_node/upgrade.go:595.16,597.3 1 0
github.com/cloudhelper/probe_node/upgrade.go:598.2,598.102 1 0
github.com/cloudhelper/probe_node/upgrade.go:598.102,600.3 1 0
github.com/cloudhelper/probe_node/upgrade.go:601.2,603.41 3 0
github.com/cloudhelper/probe_node/upgrade.go:603.41,605.3 1 0
github.com/cloudhelper/probe_node/upgrade.go:606.2,606.69 1 0
github.com/cloudhelper/probe_node/upgrade.go:606.69,608.3 1 0
github.com/cloudhelper/probe_node/upgrade.go:610.2,611.21 2 0
github.com/cloudhelper/probe_node/upgrade.go:611.21,613.3 1 0
github.com/cloudhelper/probe_node/upgrade.go:613.8,613.29 1 0
github.com/cloudhelper/probe_node/upgrade.go:613.29,615.3 1 0
github.com/cloudhelper/probe_node/upgrade.go:617.2,618.48 2 0
github.com/cloudhelper/probe_node/upgrade.go:618.48,620.3 1 0
github.com/cloudhelper/probe_node/upgrade.go:620.8,620.64 1 0
github.com/cloudhelper/probe_node/upgrade.go:620.64,622.3 1 0
github.com/cloudhelper/probe_node/upgrade.go:622.8,622.52 1 0
github.com/cloudhelper/probe_node/upgrade.go:622.52,624.3 1 0
github.com/cloudhelper/probe_node/upgrade.go:625.2,626.63 2 0
github.com/cloudhelper/probe_node/upgrade.go:626.63,628.3 1 0
github.com/cloudhelper/probe_node/upgrade.go:629.2,633.57 4 0
github.com/cloudhelper/probe_node/upgrade.go:633.57,635.3 1 0
github.com/cloudhelper/probe_node/upgrade.go:636.2,636.56 1 0
github.com/cloudhelper/probe_node/upgrade.go:636.56,639.3 2 0
github.com/cloudhelper/probe_node/upgrade.go:640.2,640.51 1 0
github.com/cloudhelper/probe_node/upgrade.go:640.51,644.3 3 0
github.com/cloudhelper/probe_node/upgrade.go:646.2,646.41 1 0
github.com/cloudhelper/probe_node/upgrade.go:646.41,647.83 1 0
github.com/cloudhelper/probe_node/upgrade.go:647.83,649.4 1 0
github.com/cloudhelper/probe_node/upgrade.go:651.2,651.32 1 0
github.com/cloudhelper/probe_node/upgrade.go:654.69,656.19 2 1
github.com/cloudhelper/probe_node/upgrade.go:656.19,658.3 1 0
github.com/cloudhelper/probe_node/upgrade.go:660.2,660.6 1 1
github.com/cloudhelper/probe_node/upgrade.go:660.6,662.10 2 1
github.com/cloudhelper/probe_node/upgrade.go:663.43,664.67 1 1
github.com/cloudhelper/probe_node/upgrade.go:665.44,667.16 2 1
github.com/cloudhelper/probe_node/upgrade.go:667.16,669.5 1 0
github.com/cloudhelper/probe_node/upgrade.go:670.4,670.46 1 1
github.com/cloudhelper/probe_node/upgrade.go:671.11,672.18 1 1
github.com/cloudhelper/probe_node/upgrade.go:674.3,674.20 1 1
github.com/cloudhelper/probe_node/upgrade.go:674.20,676.4 1 0
github.com/cloudhelper/probe_node/upgrade.go:680.58,682.14 2 1
github.com/cloudhelper/probe_node/upgrade.go:682.14,684.3 1 1
github.com/cloudhelper/probe_node/upgrade.go:685.2,686.23 2 1
github.com/cloudhelper/probe_node/upgrade.go:686.23,688.3 1 0
github.com/cloudhelper/probe_node/upgrade.go:689.2,689.28 1 1
github.com/cloudhelper/probe_node/upgrade.go:689.28,690.27 1 1
github.com/cloudhelper/probe_node/upgrade.go:690.27,692.4 1 0
github.com/cloudhelper/probe_node/upgrade.go:694.2,694.13 1 1
github.com/cloudhelper/probe_node/upgrade.go:697.66,699.23 2 0
github.com/cloudhelper/probe_node/upgrade.go:699.23,701.3 1 0
github.com/cloudhelper/probe_node/upgrade.go:703.2,706.16 4 0
github.com/cloudhelper/probe_node/upgrade.go:706.16,708.3 1 0
github.com/cloudhelper/probe_node/upgrade.go:710.2,711.32 2 0
github.com/cloudhelper/probe_node/upgrade.go:711.32,712.20 1 0
github.com/cloudhelper/probe_node/upgrade.go:712.20,713.12 1 0
github.com/cloudhelper/probe_node/upgrade.go:715.3,716.17 2 0
github.com/cloudhelper/probe_node/upgrade.go:716.17,717.12 1 0
github.com/cloudhelper/probe_node/upgrade.go:719.3,719.48 1 0
github.com/cloudhelper/probe_node/upgrade.go:719.48,720.12 1 0
github.com/cloudhelper/probe_node/upgrade.go:722.3,723.68 2 0
github.com/cloudhelper/probe_node/upgrade.go:723.68,725.4 1 0
github.com/cloudhelper/probe_node/upgrade.go:726.3,726.12 1 0
github.com/cloudhelper/probe_node/upgrade.go:728.2,728.21 1 0
github.com/cloudhelper/probe_node/upgrade.go:731.80,734.30 3 1
github.com/cloudhelper/probe_node/upgrade.go:734.30,736.3 1 0
github.com/cloudhelper/probe_node/upgrade.go:738.2,741.61 3 1
github.com/cloudhelper/probe_node/upgrade.go:741.61,743.3 1 1
github.com/cloudhelper/probe_node/upgrade.go:744.2,744.53 1 1
github.com/cloudhelper/probe_node/upgrade.go:744.53,746.3 1 1
github.com/cloudhelper/probe_node/upgrade.go:748.2,749.62 2 1
github.com/cloudhelper/probe_node/upgrade.go:749.62,751.3 1 0
github.com/cloudhelper/probe_node/upgrade.go:752.2,752.14 1 1
github.com/cloudhelper/probe_node/upgrade.go:755.59,758.39 3 0
github.com/cloudhelper/probe_node/upgrade.go:758.39,760.3 1 0
github.com/cloudhelper/probe_node/upgrade.go:762.2,762.47 1 0
github.com/cloudhelper/probe_node/upgrade.go:762.47,764.3 1 0
github.com/cloudhelper/probe_node/upgrade.go:766.2,767.44 2 0
github.com/cloudhelper/probe_node/upgrade.go:767.44,768.64 1 0
github.com/cloudhelper/probe_node/upgrade.go:768.64,770.4 1 0
github.com/cloudhelper/probe_node/upgrade.go:772.2,772.55 1 0
github.com/cloudhelper/probe_node/upgrade.go:772.55,774.3 1 0
github.com/cloudhelper/probe_node/upgrade.go:775.2,775.12 1 0
github.com/cloudhelper/probe_node/upgrade.go:778.59,780.21 2 0
github.com/cloudhelper/probe_node/upgrade.go:780.21,782.3 1 0
github.com/cloudhelper/probe_node/upgrade.go:784.2,798.52 10 0
github.com/cloudhelper/probe_node/upgrade.go:798.52,800.3 1 0
github.com/cloudhelper/probe_node/upgrade.go:801.2,801.16 1 0
github.com/cloudhelper/probe_node/upgrade.go:801.16,802.23 1 0
github.com/cloudhelper/probe_node/upgrade.go:802.23,804.4 1 0
github.com/cloudhelper/probe_node/upgrade.go:805.3,805.56 1 0
github.com/cloudhelper/probe_node/upgrade.go:807.2,807.22 1 0
github.com/cloudhelper/probe_node/upgrade.go:807.22,809.3 1 0
github.com/cloudhelper/probe_node/upgrade.go:810.2,810.12 1 0
github.com/cloudhelper/probe_node/upgrade.go:813.66,814.16 1 1
github.com/cloudhelper/probe_node/upgrade.go:814.16,816.3 1 0
github.com/cloudhelper/probe_node/upgrade.go:817.2,818.16 2 1
github.com/cloudhelper/probe_node/upgrade.go:818.16,820.3 1 1
github.com/cloudhelper/probe_node/upgrade.go:821.2,821.24 1 1
github.com/cloudhelper/probe_node/upgrade.go:821.24,823.3 1 1
github.com/cloudhelper/probe_node/upgrade.go:824.2,824.16 1 1
github.com/cloudhelper/probe_node/upgrade.go:824.16,826.3 1 0
github.com/cloudhelper/probe_node/upgrade.go:827.2,827.31 1 1
github.com/cloudhelper/probe_node/upgrade.go:830.64,832.16 2 0
github.com/cloudhelper/probe_node/upgrade.go:832.16,834.3 1 0
github.com/cloudhelper/probe_node/upgrade.go:835.2,837.16 3 0
github.com/cloudhelper/probe_node/upgrade.go:837.16,839.3 1 0
github.com/cloudhelper/probe_node/upgrade.go:840.2,842.12 3 0
github.com/cloudhelper/probe_node/upgrade.go:845.46,847.16 2 0
github.com/cloudhelper/probe_node/upgrade.go:847.16,849.3 1 0
github.com/cloudhelper/probe_node/upgrade.go:850.2,852.16 3 0
github.com/cloudhelper/probe_node/upgrade.go:852.16,854.3 1 0
github.com/cloudhelper/probe_node/upgrade.go:855.2,857.6 3 0
github.com/cloudhelper/probe_node/upgrade.go:857.6,859.20 2 0
github.com/cloudhelper/probe_node/upgrade.go:859.20,861.4 1 0
github.com/cloudhelper/probe_node/upgrade.go:862.3,862.17 1 0
github.com/cloudhelper/probe_node/upgrade.go:862.17,864.4 1 0
github.com/cloudhelper/probe_node/upgrade.go:865.3,866.27 2 0
github.com/cloudhelper/probe_node/upgrade.go:866.27,867.53 1 0
github.com/cloudhelper/probe_node/upgrade.go:867.53,869.5 1 0
github.com/cloudhelper/probe_node/upgrade.go:870.4,870.12 1 0
github.com/cloudhelper/probe_node/upgrade.go:872.3,872.66 1 0
github.com/cloudhelper/probe_node/upgrade.go:872.66,874.4 1 0
github.com/cloudhelper/probe_node/upgrade.go:875.3,876.17 2 0
github.com/cloudhelper/probe_node/upgrade.go:876.17,878.4 1 0
github.com/cloudhelper/probe_node/upgrade.go:879.3,879.45 1 0
github.com/cloudhelper/probe_node/upgrade.go:879.45,882.4 2 0
github.com/cloudhelper/probe_node/upgrade.go:883.3,883.14 1 0
github.com/cloudhelper/probe_node/upgrade.go:887.44,889.16 2 0
github.com/cloudhelper/probe_node/upgrade.go:889.16,891.3 1 0
github.com/cloudhelper/probe_node/upgrade.go:892.2,893.28 2 0
github.com/cloudhelper/probe_node/upgrade.go:893.28,895.27 2 0
github.com/cloudhelper/probe_node/upgrade.go:895.27,896.53 1 0
github.com/cloudhelper/probe_node/upgrade.go:896.53,898.5 1 0
github.com/cloudhelper/probe_node/upgrade.go:899.4,899.12 1 0
github.com/cloudhelper/probe_node/upgrade.go:901.3,901.66 1 0
github.com/cloudhelper/probe_node/upgrade.go:901.66,903.4 1 0
github.com/cloudhelper/probe_node/upgrade.go:904.3,905.17 2 0
github.com/cloudhelper/probe_node/upgrade.go:905.17,907.4 1 0
github.com/cloudhelper/probe_node/upgrade.go:908.3,909.17 2 0
github.com/cloudhelper/probe_node/upgrade.go:909.17,912.4 2 0
github.com/cloudhelper/probe_node/upgrade.go:913.3,913.45 1 0
github.com/cloudhelper/probe_node/upgrade.go:913.45,917.4 3 0
github.com/cloudhelper/probe_node/upgrade.go:918.3,919.14 2 0
github.com/cloudhelper/probe_node/upgrade.go:921.2,921.12 1 0
github.com/cloudhelper/probe_node/upgrade.go:924.54,932.21 4 0
github.com/cloudhelper/probe_node/upgrade.go:932.21,934.3 1 0
github.com/cloudhelper/probe_node/upgrade.go:936.2,936.58 1 0
github.com/cloudhelper/probe_node/upgrade.go:936.58,938.3 1 0
github.com/cloudhelper/probe_node/upgrade.go:940.2,940.26 1 0
github.com/cloudhelper/probe_node/upgrade.go:940.26,944.3 3 0
github.com/cloudhelper/probe_node/upgrade.go:945.2,946.13 2 0
github.com/cloudhelper/probe_node/upgrade.go:949.32,950.58 1 0
github.com/cloudhelper/probe_node/upgrade.go:950.58,952.3 1 0
github.com/cloudhelper/probe_node/upgrade.go:953.2,953.74 1 0
github.com/cloudhelper/probe_node/upgrade.go:953.74,955.3 1 0
github.com/cloudhelper/probe_node/upgrade.go:956.2,957.16 2 0
github.com/cloudhelper/probe_node/upgrade.go:957.16,959.3 1 0
github.com/cloudhelper/probe_node/upgrade.go:960.2,962.36 3 0
github.com/cloudhelper/probe_node/upgrade.go:962.36,964.3 1 0
github.com/cloudhelper/probe_node/upgrade.go:965.2,965.50 1 0
github.com/cloudhelper/probe_node/upgrade.go:965.50,967.3 1 0
github.com/cloudhelper/probe_node/upgrade.go:968.2,968.14 1 0
github.com/cloudhelper/probe_node/upgrade.go:971.87,972.30 1 0
github.com/cloudhelper/probe_node/upgrade.go:972.30,974.3 1 0
github.com/cloudhelper/probe_node/upgrade.go:975.2,976.16 2 0
github.com/cloudhelper/probe_node/upgrade.go:976.16,979.3 2 0
github.com/cloudhelper/probe_node/upgrade.go:980.2,987.16 7 0
github.com/cloudhelper/probe_node/upgrade.go:987.16,989.3 1 0
github.com/cloudhelper/probe_node/upgrade.go:990.2,990.16 1 0
github.com/cloudhelper/probe_node/upgrade.go:990.16,991.102 1 0
github.com/cloudhelper/probe_node/upgrade.go:991.102,993.4 1 0
github.com/cloudhelper/probe_node/upgrade.go:994.3,994.13 1 0
github.com/cloudhelper/probe_node/upgrade.go:996.2,996.52 1 0
github.com/cloudhelper/probe_node/upgrade.go:996.52,998.3 1 0
github.com/cloudhelper/probe_node/upgrade.go:999.2,999.105 1 0
github.com/cloudhelper/probe_node/upgrade.go:999.105,1001.3 1 0
github.com/cloudhelper/probe_node/upgrade.go:1002.2,1002.157 1 0
github.com/cloudhelper/probe_node/upgrade.go:1002.157,1004.3 1 0
github.com/cloudhelper/probe_node/upgrade.go:1005.2,1006.12 2 0
github.com/cloudhelper/probe_node/upgrade.go:1009.67,1010.22 1 0
github.com/cloudhelper/probe_node/upgrade.go:1010.22,1012.3 1 0
github.com/cloudhelper/probe_node/upgrade.go:1013.2,1013.16 1 0
github.com/cloudhelper/probe_node/upgrade.go:1013.16,1015.3 1 0
github.com/cloudhelper/probe_node/upgrade.go:1016.2,1017.17 2 0
github.com/cloudhelper/probe_node/upgrade.go:1017.17,1019.3 1 0
github.com/cloudhelper/probe_node/upgrade.go:1020.2,1021.27 2 0
github.com/cloudhelper/probe_node/upgrade.go:1021.27,1023.3 1 0
github.com/cloudhelper/probe_node/upgrade.go:1024.2,1024.23 1 0
github.com/cloudhelper/probe_node/upgrade.go:1024.23,1026.3 1 0
github.com/cloudhelper/probe_node/upgrade.go:1027.2,1027.34 1 0
github.com/cloudhelper/probe_node/upgrade.go:1030.72,1031.21 1 1
github.com/cloudhelper/probe_node/upgrade.go:1031.21,1033.3 1 0
github.com/cloudhelper/probe_node/upgrade.go:1034.2,1034.16 1 1
github.com/cloudhelper/probe_node/upgrade.go:1034.16,1036.3 1 0
github.com/cloudhelper/probe_node/upgrade.go:1037.2,1038.17 2 1
github.com/cloudhelper/probe_node/upgrade.go:1038.17,1040.3 1 0
github.com/cloudhelper/probe_node/upgrade.go:1041.2,1042.27 2 1
github.com/cloudhelper/probe_node/upgrade.go:1042.27,1044.3 1 1
github.com/cloudhelper/probe_node/upgrade.go:1045.2,1045.22 1 1
github.com/cloudhelper/probe_node/upgrade.go:1045.22,1047.3 1 0
github.com/cloudhelper/probe_node/upgrade.go:1048.2,1048.32 1 1
github.com/cloudhelper/probe_node/upgrade.go:1051.45,1054.30 3 1
github.com/cloudhelper/probe_node/upgrade.go:1054.30,1056.3 1 0
github.com/cloudhelper/probe_node/upgrade.go:1057.2,1057.37 1 1
github.com/cloudhelper/probe_node/upgrade.go:1060.49,1062.43 2 1
github.com/cloudhelper/probe_node/upgrade.go:1062.43,1063.36 1 1
github.com/cloudhelper/probe_node/upgrade.go:1063.36,1065.4 1 1
github.com/cloudhelper/probe_node/upgrade.go:1067.2,1067.14 1 0
github.com/cloudhelper/probe_node/upgrade.go:1070.41,1071.52 1 1
github.com/cloudhelper/probe_node/upgrade.go:1072.15,1073.44 1 1
github.com/cloudhelper/probe_node/upgrade.go:1074.15,1075.38 1 0
github.com/cloudhelper/probe_node/upgrade.go:1076.13,1077.44 1 0
github.com/cloudhelper/probe_node/upgrade.go:1078.13,1079.40 1 0
github.com/cloudhelper/probe_node/upgrade.go:1080.10,1082.14 2 0
github.com/cloudhelper/probe_node/upgrade.go:1082.14,1084.4 1 0
github.com/cloudhelper/probe_node/upgrade.go:1085.3,1085.21 1 0
github.com/cloudhelper/probe_node/upgrade.go:1089.42,1092.2 2 1
github.com/cloudhelper/probe_node/upgrade.go:1094.52,1096.104 2 0
github.com/cloudhelper/probe_node/upgrade.go:1096.104,1098.3 1 0
github.com/cloudhelper/probe_node/upgrade.go:1099.2,1099.52 1 0
github.com/cloudhelper/probe_node/upgrade.go:1099.52,1101.3 1 0
github.com/cloudhelper/probe_node/upgrade.go:1102.2,1103.63 2 0
github.com/cloudhelper/probe_node/upgrade.go:1106.53,1108.16 2 0
github.com/cloudhelper/probe_node/upgrade.go:1108.16,1110.3 1 0
github.com/cloudhelper/probe_node/upgrade.go:1111.2,1111.102 1 0
github.com/cloudhelper/probe_node/upgrade.go:1111.102,1113.3 1 0
github.com/cloudhelper/probe_node/upgrade.go:1114.2,1114.80 1 0
github.com/cloudhelper/probe_node/upgrade.go:1117.57,1119.16 2 0
github.com/cloudhelper/probe_node/upgrade.go:1119.16,1121.3 1 0
github.com/cloudhelper/probe_node/upgrade.go:1122.2,1123.32 2 0
github.com/cloudhelper/probe_node/upgrade.go:1123.32,1125.60 2 0
github.com/cloudhelper/probe_node/upgrade.go:1125.60,1126.12 1 0
github.com/cloudhelper/probe_node/upgrade.go:1128.3,1130.21 3 0
github.com/cloudhelper/probe_node/upgrade.go:1130.21,1131.63 1 0
github.com/cloudhelper/probe_node/upgrade.go:1131.63,1132.13 1 0
github.com/cloudhelper/probe_node/upgrade.go:1135.3,1135.29 1 0
github.com/cloudhelper/probe_node/upgrade.go:1139.51,1141.21 2 0
github.com/cloudhelper/probe_node/upgrade.go:1141.21,1143.3 1 0
github.com/cloudhelper/probe_node/upgrade.go:1144.2,1144.71 1 0
github.com/cloudhelper/probe_node/upgrade.go:1144.71,1146.3 1 0
github.com/cloudhelper/probe_node/upgrade.go:1149.39,1151.13 2 1
github.com/cloudhelper/probe_node/upgrade.go:1151.13,1153.3 1 0
github.com/cloudhelper/probe_node/upgrade.go:1154.2,1155.16 2 1
github.com/cloudhelper/probe_node/upgrade.go:1155.16,1157.3 1 0
github.com/cloudhelper/probe_node/upgrade.go:1158.2,1159.46 2 1
github.com/cloudhelper/probe_node/upgrade.go:1159.46,1161.3 1 0
github.com/cloudhelper/probe_node/upgrade.go:1162.2,1162.12 1 1
github.com/cloudhelper/probe_node/upgrade_verify.go:21.53,22.39 1 1
github.com/cloudhelper/probe_node/upgrade_verify.go:22.39,24.3 1 1
github.com/cloudhelper/probe_node/upgrade_verify.go:25.2,25.39 1 1
github.com/cloudhelper/probe_node/upgrade_verify.go:25.39,27.3 1 1
github.com/cloudhelper/probe_node/upgrade_verify.go:28.2,28.12 1 1
github.com/cloudhelper/probe_node/upgrade_verify.go:31.66,41.74 7 0
github.com/cloudhelper/probe_node/upgrade_verify.go:41.74,42.33 1 0
github.com/cloudhelper/probe_node/upgrade_verify.go:42.33,45.4 2 0
github.com/cloudhelper/probe_node/upgrade_verify.go:46.3,46.33 1 0
github.com/cloudhelper/probe_node/upgrade_verify.go:49.2,54.16 3 0
github.com/cloudhelper/probe_node/upgrade_verify.go:54.16,56.3 1 0
github.com/cloudhelper/probe_node/upgrade_verify.go:57.2,60.12 3 0
github.com/cloudhelper/probe_node/upgrade_verify.go:60.12,62.43 2 0
github.com/cloudhelper/probe_node/upgrade_verify.go:62.43,65.4 2 0
github.com/cloudhelper/probe_node/upgrade_verify.go:66.3,66.21 1 0
github.com/cloudhelper/probe_node/upgrade_verify.go:69.2,69.97 1 0
github.com/cloudhelper/probe_node/upgrade_verify.go:69.97,73.3 3 0
github.com/cloudhelper/probe_node/upgrade_verify.go:75.2,77.9 3 0
github.com/cloudhelper/probe_node/upgrade_verify.go:78.28,79.17 1 0
github.com/cloudhelper/probe_node/upgrade_verify.go:79.17,81.4 1 0
github.com/cloudhelper/probe_node/upgrade_verify.go:82.3,82.60 1 0
github.com/cloudhelper/probe_node/upgrade_verify.go:83.17,83.17 0 0
github.com/cloudhelper/probe_node/upgrade_verify.go:86.2,88.45 3 0
github.com/cloudhelper/probe_node/upgrade_verify.go:88.45,90.3 1 0
github.com/cloudhelper/probe_node/upgrade_verify.go:91.2,91.38 1 0
github.com/cloudhelper/probe_node/upgrade_verify.go:91.38,93.3 1 0
github.com/cloudhelper/probe_node/upgrade_verify.go:95.2,96.12 2 0
github.com/cloudhelper/probe_node/upgrade_verify.go:99.80,101.16 2 0
github.com/cloudhelper/probe_node/upgrade_verify.go:101.16,103.3 1 0
github.com/cloudhelper/probe_node/upgrade_verify.go:104.2,104.18 1 0
github.com/cloudhelper/probe_node/upgrade_verify.go:104.18,106.3 1 0
github.com/cloudhelper/probe_node/upgrade_verify.go:108.2,120.6 6 0
github.com/cloudhelper/probe_node/upgrade_verify.go:120.6,122.17 2 0
github.com/cloudhelper/probe_node/upgrade_verify.go:122.17,125.40 3 0
github.com/cloudhelper/probe_node/upgrade_verify.go:125.40,127.5 1 0
github.com/cloudhelper/probe_node/upgrade_verify.go:128.4,128.54 1 0
github.com/cloudhelper/probe_node/upgrade_verify.go:129.9,131.4 1 0
github.com/cloudhelper/probe_node/upgrade_verify.go:133.3,133.33 1 0
github.com/cloudhelper/probe_node/upgrade_verify.go:133.33,135.4 1 0
github.com/cloudhelper/probe_node/upgrade_verify.go:136.3,136.37 1 0
github.com/cloudhelper/probe_node/wintun_embed_windows.go:19.47,20.31 1 0
github.com/cloudhelper/probe_node/wintun_embed_windows.go:20.31,22.3 1 0
github.com/cloudhelper/probe_node/wintun_embed_windows.go:23.2,23.40 1 0
github.com/cloudhelper/probe_node/wintun_embed_windows.go:23.40,25.3 1 0
github.com/cloudhelper/probe_node/wintun_embed_windows.go:26.2,26.103 1 0
github.com/cloudhelper/probe_node/wintun_embed_windows.go:26.103,28.3 1 0
github.com/cloudhelper/probe_node/wintun_embed_windows.go:29.2,30.16 2 0
github.com/cloudhelper/probe_node/wintun_embed_windows.go:30.16,32.3 1 0
github.com/cloudhelper/probe_node/wintun_embed_windows.go:33.2,33.69 1 0
github.com/cloudhelper/probe_node/wintun_embed_windows.go:33.69,35.3 1 0
github.com/cloudhelper/probe_node/wintun_embed_windows.go:36.2,36.66 1 0
github.com/cloudhelper/probe_node/wintun_embed_windows.go:39.47,41.66 2 0
github.com/cloudhelper/probe_node/wintun_embed_windows.go:41.66,43.3 1 0
github.com/cloudhelper/probe_node/wintun_embed_windows.go:44.2,44.51 1 0
github.com/cloudhelper/probe_node/wintun_embed_windows.go:44.51,46.3 1 0
github.com/cloudhelper/probe_node/wintun_embed_windows.go:47.2,47.39 1 0
github.com/cloudhelper/probe_node/wintun_embed_windows.go:47.39,49.17 2 0
github.com/cloudhelper/probe_node/wintun_embed_windows.go:49.17,50.12 1 0
github.com/cloudhelper/probe_node/wintun_embed_windows.go:52.3,52.22 1 0
github.com/cloudhelper/probe_node/wintun_embed_windows.go:54.2,54.73 1 0
